running egg_info
creating ../../build/obstacle_detection/obstacle_detection.egg-info
writing ../../build/obstacle_detection/obstacle_detection.egg-info/PKG-INFO
writing dependency_links to ../../build/obstacle_detection/obstacle_detection.egg-info/dependency_links.txt
writing entry points to ../../build/obstacle_detection/obstacle_detection.egg-info/entry_points.txt
writing requirements to ../../build/obstacle_detection/obstacle_detection.egg-info/requires.txt
writing top-level names to ../../build/obstacle_detection/obstacle_detection.egg-info/top_level.txt
writing manifest file '../../build/obstacle_detection/obstacle_detection.egg-info/SOURCES.txt'
reading manifest file '../../build/obstacle_detection/obstacle_detection.egg-info/SOURCES.txt'
writing manifest file '../../build/obstacle_detection/obstacle_detection.egg-info/SOURCES.txt'
running build
running build_py
creating /home/nguyendat/Desktop/DA_RB_v_TTNT/github/Mobile_robot_lane_following/workspace/build/obstacle_detection/build
creating /home/nguyendat/Desktop/DA_RB_v_TTNT/github/Mobile_robot_lane_following/workspace/build/obstacle_detection/build/lib
creating /home/nguyendat/Desktop/DA_RB_v_TTNT/github/Mobile_robot_lane_following/workspace/build/obstacle_detection/build/lib/obstacle_detection
copying obstacle_detection/obstacle_detection.py -> /home/nguyendat/Desktop/DA_RB_v_TTNT/github/Mobile_robot_lane_following/workspace/build/obstacle_detection/build/lib/obstacle_detection
copying obstacle_detection/__init__.py -> /home/nguyendat/Desktop/DA_RB_v_TTNT/github/Mobile_robot_lane_following/workspace/build/obstacle_detection/build/lib/obstacle_detection
running install
running install_lib
creating /home/nguyendat/Desktop/DA_RB_v_TTNT/github/Mobile_robot_lane_following/workspace/install/obstacle_detection/lib/python3.10/site-packages/obstacle_detection
copying /home/nguyendat/Desktop/DA_RB_v_TTNT/github/Mobile_robot_lane_following/workspace/build/obstacle_detection/build/lib/obstacle_detection/obstacle_detection.py -> /home/nguyendat/Desktop/DA_RB_v_TTNT/github/Mobile_robot_lane_following/workspace/install/obstacle_detection/lib/python3.10/site-packages/obstacle_detection
copying /home/nguyendat/Desktop/DA_RB_v_TTNT/github/Mobile_robot_lane_following/workspace/build/obstacle_detection/build/lib/obstacle_detection/__init__.py -> /home/nguyendat/Desktop/DA_RB_v_TTNT/github/Mobile_robot_lane_following/workspace/install/obstacle_detection/lib/python3.10/site-packages/obstacle_detection
byte-compiling /home/nguyendat/Desktop/DA_RB_v_TTNT/github/Mobile_robot_lane_following/workspace/install/obstacle_detection/lib/python3.10/site-packages/obstacle_detection/obstacle_detection.py to obstacle_detection.cpython-310.pyc
byte-compiling /home/nguyendat/Desktop/DA_RB_v_TTNT/github/Mobile_robot_lane_following/workspace/install/obstacle_detection/lib/python3.10/site-packages/obstacle_detection/__init__.py to __init__.cpython-310.pyc
running install_data
creating /home/nguyendat/Desktop/DA_RB_v_TTNT/github/Mobile_robot_lane_following/workspace/install/obstacle_detection/share/ament_index
creating /home/nguyendat/Desktop/DA_RB_v_TTNT/github/Mobile_robot_lane_following/workspace/install/obstacle_detection/share/ament_index/resource_index
creating /home/nguyendat/Desktop/DA_RB_v_TTNT/github/Mobile_robot_lane_following/workspace/install/obstacle_detection/share/ament_index/resource_index/packages
copying resource/obstacle_detection -> /home/nguyendat/Desktop/DA_RB_v_TTNT/github/Mobile_robot_lane_following/workspace/install/obstacle_detection/share/ament_index/resource_index/packages
copying package.xml -> /home/nguyendat/Desktop/DA_RB_v_TTNT/github/Mobile_robot_lane_following/workspace/install/obstacle_detection/share/obstacle_detection
creating /home/nguyendat/Desktop/DA_RB_v_TTNT/github/Mobile_robot_lane_following/workspace/install/obstacle_detection/share/obstacle_detection/YOLO
copying YOLO/vatcan_best.pt -> /home/nguyendat/Desktop/DA_RB_v_TTNT/github/Mobile_robot_lane_following/workspace/install/obstacle_detection/share/obstacle_detection/YOLO
running install_egg_info
Copying ../../build/obstacle_detection/obstacle_detection.egg-info to /home/nguyendat/Desktop/DA_RB_v_TTNT/github/Mobile_robot_lane_following/workspace/install/obstacle_detection/lib/python3.10/site-packages/obstacle_detection-0.0.0-py3.10.egg-info
running install_scripts
Installing obstacle_detection script to /home/nguyendat/Desktop/DA_RB_v_TTNT/github/Mobile_robot_lane_following/workspace/install/obstacle_detection/lib/obstacle_detection
writing list of installed files to '/home/nguyendat/Desktop/DA_RB_v_TTNT/github/Mobile_robot_lane_following/workspace/build/obstacle_detection/install.log'
