[1.059s] Invoking command in '/home/nguyendat/Desktop/DA_RB_v_TTNT/github/Mobile_robot_lane_following/workspace/src/obstacle_detection': AMENT_PREFIX_PATH=/home/nguyendat/Desktop/DA_RB_v_TTNT/github/Mobile_robot_lane_following/workspace/install/type_msg:${AMENT_PREFIX_PATH} CMAKE_PREFIX_PATH=/home/nguyendat/Desktop/DA_RB_v_TTNT/github/Mobile_robot_lane_following/workspace/install/type_msg LD_LIBRARY_PATH=/home/nguyendat/Desktop/DA_RB_v_TTNT/github/Mobile_robot_lane_following/workspace/install/type_msg/lib:${LD_LIBRARY_PATH} PYTHONPATH=/home/nguyendat/Desktop/DA_RB_v_TTNT/github/Mobile_robot_lane_following/workspace/build/obstacle_detection/prefix_override:/usr/lib/python3/dist-packages/colcon_core/task/python/colcon_distutils_commands:/home/nguyendat/Desktop/DA_RB_v_TTNT/github/Mobile_robot_lane_following/workspace/install/obstacle_detection/lib/python3.10/site-packages:/home/nguyendat/Desktop/DA_RB_v_TTNT/github/Mobile_robot_lane_following/workspace/install/type_msg/local/lib/python3.10/dist-packages:${PYTHONPATH} /usr/bin/python3 -W ignore:setup.py install is deprecated -W ignore:easy_install command is deprecated setup.py egg_info --egg-base ../../build/obstacle_detection build --build-base /home/nguyendat/Desktop/DA_RB_v_TTNT/github/Mobile_robot_lane_following/workspace/build/obstacle_detection/build install --record /home/nguyendat/Desktop/DA_RB_v_TTNT/github/Mobile_robot_lane_following/workspace/build/obstacle_detection/install.log --single-version-externally-managed install_data
[1.296s] running egg_info
[1.296s] creating ../../build/obstacle_detection/obstacle_detection.egg-info
[1.297s] writing ../../build/obstacle_detection/obstacle_detection.egg-info/PKG-INFO
[1.297s] writing dependency_links to ../../build/obstacle_detection/obstacle_detection.egg-info/dependency_links.txt
[1.297s] writing entry points to ../../build/obstacle_detection/obstacle_detection.egg-info/entry_points.txt
[1.297s] writing requirements to ../../build/obstacle_detection/obstacle_detection.egg-info/requires.txt
[1.297s] writing top-level names to ../../build/obstacle_detection/obstacle_detection.egg-info/top_level.txt
[1.297s] writing manifest file '../../build/obstacle_detection/obstacle_detection.egg-info/SOURCES.txt'
[1.298s] reading manifest file '../../build/obstacle_detection/obstacle_detection.egg-info/SOURCES.txt'
[1.299s] writing manifest file '../../build/obstacle_detection/obstacle_detection.egg-info/SOURCES.txt'
[1.299s] running build
[1.299s] running build_py
[1.300s] creating /home/nguyendat/Desktop/DA_RB_v_TTNT/github/Mobile_robot_lane_following/workspace/build/obstacle_detection/build
[1.300s] creating /home/nguyendat/Desktop/DA_RB_v_TTNT/github/Mobile_robot_lane_following/workspace/build/obstacle_detection/build/lib
[1.300s] creating /home/nguyendat/Desktop/DA_RB_v_TTNT/github/Mobile_robot_lane_following/workspace/build/obstacle_detection/build/lib/obstacle_detection
[1.301s] copying obstacle_detection/obstacle_detection.py -> /home/nguyendat/Desktop/DA_RB_v_TTNT/github/Mobile_robot_lane_following/workspace/build/obstacle_detection/build/lib/obstacle_detection
[1.301s] copying obstacle_detection/__init__.py -> /home/nguyendat/Desktop/DA_RB_v_TTNT/github/Mobile_robot_lane_following/workspace/build/obstacle_detection/build/lib/obstacle_detection
[1.301s] running install
[1.301s] running install_lib
[1.301s] creating /home/nguyendat/Desktop/DA_RB_v_TTNT/github/Mobile_robot_lane_following/workspace/install/obstacle_detection/lib/python3.10/site-packages/obstacle_detection
[1.301s] copying /home/nguyendat/Desktop/DA_RB_v_TTNT/github/Mobile_robot_lane_following/workspace/build/obstacle_detection/build/lib/obstacle_detection/obstacle_detection.py -> /home/nguyendat/Desktop/DA_RB_v_TTNT/github/Mobile_robot_lane_following/workspace/install/obstacle_detection/lib/python3.10/site-packages/obstacle_detection
[1.301s] copying /home/nguyendat/Desktop/DA_RB_v_TTNT/github/Mobile_robot_lane_following/workspace/build/obstacle_detection/build/lib/obstacle_detection/__init__.py -> /home/nguyendat/Desktop/DA_RB_v_TTNT/github/Mobile_robot_lane_following/workspace/install/obstacle_detection/lib/python3.10/site-packages/obstacle_detection
[1.301s] byte-compiling /home/nguyendat/Desktop/DA_RB_v_TTNT/github/Mobile_robot_lane_following/workspace/install/obstacle_detection/lib/python3.10/site-packages/obstacle_detection/obstacle_detection.py to obstacle_detection.cpython-310.pyc
[1.302s] byte-compiling /home/nguyendat/Desktop/DA_RB_v_TTNT/github/Mobile_robot_lane_following/workspace/install/obstacle_detection/lib/python3.10/site-packages/obstacle_detection/__init__.py to __init__.cpython-310.pyc
[1.302s] running install_data
[1.302s] creating /home/nguyendat/Desktop/DA_RB_v_TTNT/github/Mobile_robot_lane_following/workspace/install/obstacle_detection/share/ament_index
[1.303s] creating /home/nguyendat/Desktop/DA_RB_v_TTNT/github/Mobile_robot_lane_following/workspace/install/obstacle_detection/share/ament_index/resource_index
[1.303s] creating /home/nguyendat/Desktop/DA_RB_v_TTNT/github/Mobile_robot_lane_following/workspace/install/obstacle_detection/share/ament_index/resource_index/packages
[1.303s] copying resource/obstacle_detection -> /home/nguyendat/Desktop/DA_RB_v_TTNT/github/Mobile_robot_lane_following/workspace/install/obstacle_detection/share/ament_index/resource_index/packages
[1.303s] copying package.xml -> /home/nguyendat/Desktop/DA_RB_v_TTNT/github/Mobile_robot_lane_following/workspace/install/obstacle_detection/share/obstacle_detection
[1.303s] creating /home/nguyendat/Desktop/DA_RB_v_TTNT/github/Mobile_robot_lane_following/workspace/install/obstacle_detection/share/obstacle_detection/YOLO
[1.303s] copying YOLO/vatcan_best.pt -> /home/nguyendat/Desktop/DA_RB_v_TTNT/github/Mobile_robot_lane_following/workspace/install/obstacle_detection/share/obstacle_detection/YOLO
[1.306s] running install_egg_info
[1.308s] Copying ../../build/obstacle_detection/obstacle_detection.egg-info to /home/nguyendat/Desktop/DA_RB_v_TTNT/github/Mobile_robot_lane_following/workspace/install/obstacle_detection/lib/python3.10/site-packages/obstacle_detection-0.0.0-py3.10.egg-info
[1.309s] running install_scripts
[1.328s] Installing obstacle_detection script to /home/nguyendat/Desktop/DA_RB_v_TTNT/github/Mobile_robot_lane_following/workspace/install/obstacle_detection/lib/obstacle_detection
[1.328s] writing list of installed files to '/home/nguyendat/Desktop/DA_RB_v_TTNT/github/Mobile_robot_lane_following/workspace/build/obstacle_detection/install.log'
[1.359s] Invoked command in '/home/nguyendat/Desktop/DA_RB_v_TTNT/github/Mobile_robot_lane_following/workspace/src/obstacle_detection' returned '0': AMENT_PREFIX_PATH=/home/nguyendat/Desktop/DA_RB_v_TTNT/github/Mobile_robot_lane_following/workspace/install/type_msg:${AMENT_PREFIX_PATH} CMAKE_PREFIX_PATH=/home/nguyendat/Desktop/DA_RB_v_TTNT/github/Mobile_robot_lane_following/workspace/install/type_msg LD_LIBRARY_PATH=/home/nguyendat/Desktop/DA_RB_v_TTNT/github/Mobile_robot_lane_following/workspace/install/type_msg/lib:${LD_LIBRARY_PATH} PYTHONPATH=/home/nguyendat/Desktop/DA_RB_v_TTNT/github/Mobile_robot_lane_following/workspace/build/obstacle_detection/prefix_override:/usr/lib/python3/dist-packages/colcon_core/task/python/colcon_distutils_commands:/home/nguyendat/Desktop/DA_RB_v_TTNT/github/Mobile_robot_lane_following/workspace/install/obstacle_detection/lib/python3.10/site-packages:/home/nguyendat/Desktop/DA_RB_v_TTNT/github/Mobile_robot_lane_following/workspace/install/type_msg/local/lib/python3.10/dist-packages:${PYTHONPATH} /usr/bin/python3 -W ignore:setup.py install is deprecated -W ignore:easy_install command is deprecated setup.py egg_info --egg-base ../../build/obstacle_detection build --build-base /home/nguyendat/Desktop/DA_RB_v_TTNT/github/Mobile_robot_lane_following/workspace/build/obstacle_detection/build install --record /home/nguyendat/Desktop/DA_RB_v_TTNT/github/Mobile_robot_lane_following/workspace/build/obstacle_detection/install.log --single-version-externally-managed install_data
