[  2%] Built target type_msg__cpp
[ 12%] Built target type_msg__rosidl_generator_c
[ 12%] Built target ament_cmake_python_copy_type_msg
[ 23%] Built target type_msg__rosidl_typesupport_c
[ 33%] Built target type_msg__rosidl_typesupport_cpp
[ 43%] Built target type_msg__rosidl_typesupport_introspection_cpp
[ 53%] Built target type_msg__rosidl_typesupport_introspection_c
[ 64%] Built target type_msg__rosidl_typesupport_fastrtps_cpp
[ 74%] Built target type_msg__rosidl_typesupport_fastrtps_c
[ 74%] Built target type_msg
[ 76%] Built target type_msg__py
[ 84%] Built target type_msg__rosidl_generator_py
[ 94%] Built target type_msg__rosidl_typesupport_c__pyext
[ 94%] Built target type_msg__rosidl_typesupport_introspection_c__pyext
[100%] Built target type_msg__rosidl_typesupport_fastrtps_c__pyext
running egg_info
writing type_msg.egg-info/PKG-INFO
writing dependency_links to type_msg.egg-info/dependency_links.txt
writing top-level names to type_msg.egg-info/top_level.txt
reading manifest file 'type_msg.egg-info/SOURCES.txt'
writing manifest file 'type_msg.egg-info/SOURCES.txt'
[100%] Built target ament_cmake_python_build_type_msg_egg
-- Install configuration: ""
-- Up-to-date: /home/nguyendat/Desktop/DA_RB_v_TTNT/github/Mobile_robot_lane_following/workspace/install/type_msg/share/ament_index/resource_index/rosidl_interfaces/type_msg
-- Up-to-date: /home/nguyendat/Desktop/DA_RB_v_TTNT/github/Mobile_robot_lane_following/workspace/install/type_msg/include/type_msg/type_msg
-- Up-to-date: /home/nguyendat/Desktop/DA_RB_v_TTNT/github/Mobile_robot_lane_following/workspace/install/type_msg/include/type_msg/type_msg/msg
-- Up-to-date: /home/nguyendat/Desktop/DA_RB_v_TTNT/github/Mobile_robot_lane_following/workspace/install/type_msg/include/type_msg/type_msg/msg/detail
-- Up-to-date: /home/nguyendat/Desktop/DA_RB_v_TTNT/github/Mobile_robot_lane_following/workspace/install/type_msg/include/type_msg/type_msg/msg/detail/signal_control__struct.h
-- Up-to-date: /home/nguyendat/Desktop/DA_RB_v_TTNT/github/Mobile_robot_lane_following/workspace/install/type_msg/include/type_msg/type_msg/msg/detail/offset_angle__struct.h
-- Up-to-date: /home/nguyendat/Desktop/DA_RB_v_TTNT/github/Mobile_robot_lane_following/workspace/install/type_msg/include/type_msg/type_msg/msg/detail/offset_angle__functions.c
-- Up-to-date: /home/nguyendat/Desktop/DA_RB_v_TTNT/github/Mobile_robot_lane_following/workspace/install/type_msg/include/type_msg/type_msg/msg/detail/signal_control__functions.c
-- Up-to-date: /home/nguyendat/Desktop/DA_RB_v_TTNT/github/Mobile_robot_lane_following/workspace/install/type_msg/include/type_msg/type_msg/msg/detail/offset_angle__functions.h
-- Up-to-date: /home/nguyendat/Desktop/DA_RB_v_TTNT/github/Mobile_robot_lane_following/workspace/install/type_msg/include/type_msg/type_msg/msg/detail/signal_control__functions.h
-- Up-to-date: /home/nguyendat/Desktop/DA_RB_v_TTNT/github/Mobile_robot_lane_following/workspace/install/type_msg/include/type_msg/type_msg/msg/detail/signal_control__type_support.h
-- Up-to-date: /home/nguyendat/Desktop/DA_RB_v_TTNT/github/Mobile_robot_lane_following/workspace/install/type_msg/include/type_msg/type_msg/msg/detail/offset_angle__type_support.h
-- Up-to-date: /home/nguyendat/Desktop/DA_RB_v_TTNT/github/Mobile_robot_lane_following/workspace/install/type_msg/include/type_msg/type_msg/msg/offset_angle.h
-- Up-to-date: /home/nguyendat/Desktop/DA_RB_v_TTNT/github/Mobile_robot_lane_following/workspace/install/type_msg/include/type_msg/type_msg/msg/rosidl_generator_c__visibility_control.h
-- Up-to-date: /home/nguyendat/Desktop/DA_RB_v_TTNT/github/Mobile_robot_lane_following/workspace/install/type_msg/include/type_msg/type_msg/msg/signal_control.h
-- Up-to-date: /home/nguyendat/Desktop/DA_RB_v_TTNT/github/Mobile_robot_lane_following/workspace/install/type_msg/share/type_msg/environment/library_path.sh
-- Up-to-date: /home/nguyendat/Desktop/DA_RB_v_TTNT/github/Mobile_robot_lane_following/workspace/install/type_msg/share/type_msg/environment/library_path.dsv
-- Up-to-date: /home/nguyendat/Desktop/DA_RB_v_TTNT/github/Mobile_robot_lane_following/workspace/install/type_msg/lib/libtype_msg__rosidl_generator_c.so
-- Up-to-date: /home/nguyendat/Desktop/DA_RB_v_TTNT/github/Mobile_robot_lane_following/workspace/install/type_msg/include/type_msg/type_msg
-- Up-to-date: /home/nguyendat/Desktop/DA_RB_v_TTNT/github/Mobile_robot_lane_following/workspace/install/type_msg/include/type_msg/type_msg/msg
-- Up-to-date: /home/nguyendat/Desktop/DA_RB_v_TTNT/github/Mobile_robot_lane_following/workspace/install/type_msg/include/type_msg/type_msg/msg/detail
-- Up-to-date: /home/nguyendat/Desktop/DA_RB_v_TTNT/github/Mobile_robot_lane_following/workspace/install/type_msg/include/type_msg/type_msg/msg/detail/offset_angle__rosidl_typesupport_fastrtps_c.h
-- Up-to-date: /home/nguyendat/Desktop/DA_RB_v_TTNT/github/Mobile_robot_lane_following/workspace/install/type_msg/include/type_msg/type_msg/msg/detail/signal_control__rosidl_typesupport_fastrtps_c.h
-- Up-to-date: /home/nguyendat/Desktop/DA_RB_v_TTNT/github/Mobile_robot_lane_following/workspace/install/type_msg/include/type_msg/type_msg/msg/rosidl_typesupport_fastrtps_c__visibility_control.h
-- Up-to-date: /home/nguyendat/Desktop/DA_RB_v_TTNT/github/Mobile_robot_lane_following/workspace/install/type_msg/lib/libtype_msg__rosidl_typesupport_fastrtps_c.so
-- Up-to-date: /home/nguyendat/Desktop/DA_RB_v_TTNT/github/Mobile_robot_lane_following/workspace/install/type_msg/include/type_msg/type_msg
-- Up-to-date: /home/nguyendat/Desktop/DA_RB_v_TTNT/github/Mobile_robot_lane_following/workspace/install/type_msg/include/type_msg/type_msg/msg
-- Up-to-date: /home/nguyendat/Desktop/DA_RB_v_TTNT/github/Mobile_robot_lane_following/workspace/install/type_msg/include/type_msg/type_msg/msg/detail
-- Up-to-date: /home/nguyendat/Desktop/DA_RB_v_TTNT/github/Mobile_robot_lane_following/workspace/install/type_msg/include/type_msg/type_msg/msg/detail/signal_control__type_support.c
-- Up-to-date: /home/nguyendat/Desktop/DA_RB_v_TTNT/github/Mobile_robot_lane_following/workspace/install/type_msg/include/type_msg/type_msg/msg/detail/offset_angle__type_support.c
-- Up-to-date: /home/nguyendat/Desktop/DA_RB_v_TTNT/github/Mobile_robot_lane_following/workspace/install/type_msg/include/type_msg/type_msg/msg/detail/signal_control__rosidl_typesupport_introspection_c.h
-- Up-to-date: /home/nguyendat/Desktop/DA_RB_v_TTNT/github/Mobile_robot_lane_following/workspace/install/type_msg/include/type_msg/type_msg/msg/detail/offset_angle__rosidl_typesupport_introspection_c.h
-- Up-to-date: /home/nguyendat/Desktop/DA_RB_v_TTNT/github/Mobile_robot_lane_following/workspace/install/type_msg/include/type_msg/type_msg/msg/rosidl_typesupport_introspection_c__visibility_control.h
-- Up-to-date: /home/nguyendat/Desktop/DA_RB_v_TTNT/github/Mobile_robot_lane_following/workspace/install/type_msg/lib/libtype_msg__rosidl_typesupport_introspection_c.so
-- Up-to-date: /home/nguyendat/Desktop/DA_RB_v_TTNT/github/Mobile_robot_lane_following/workspace/install/type_msg/lib/libtype_msg__rosidl_typesupport_c.so
-- Up-to-date: /home/nguyendat/Desktop/DA_RB_v_TTNT/github/Mobile_robot_lane_following/workspace/install/type_msg/include/type_msg/type_msg
-- Up-to-date: /home/nguyendat/Desktop/DA_RB_v_TTNT/github/Mobile_robot_lane_following/workspace/install/type_msg/include/type_msg/type_msg/msg
-- Up-to-date: /home/nguyendat/Desktop/DA_RB_v_TTNT/github/Mobile_robot_lane_following/workspace/install/type_msg/include/type_msg/type_msg/msg/detail
-- Up-to-date: /home/nguyendat/Desktop/DA_RB_v_TTNT/github/Mobile_robot_lane_following/workspace/install/type_msg/include/type_msg/type_msg/msg/detail/offset_angle__builder.hpp
-- Up-to-date: /home/nguyendat/Desktop/DA_RB_v_TTNT/github/Mobile_robot_lane_following/workspace/install/type_msg/include/type_msg/type_msg/msg/detail/signal_control__builder.hpp
-- Up-to-date: /home/nguyendat/Desktop/DA_RB_v_TTNT/github/Mobile_robot_lane_following/workspace/install/type_msg/include/type_msg/type_msg/msg/detail/signal_control__struct.hpp
-- Up-to-date: /home/nguyendat/Desktop/DA_RB_v_TTNT/github/Mobile_robot_lane_following/workspace/install/type_msg/include/type_msg/type_msg/msg/detail/signal_control__type_support.hpp
-- Up-to-date: /home/nguyendat/Desktop/DA_RB_v_TTNT/github/Mobile_robot_lane_following/workspace/install/type_msg/include/type_msg/type_msg/msg/detail/offset_angle__struct.hpp
-- Up-to-date: /home/nguyendat/Desktop/DA_RB_v_TTNT/github/Mobile_robot_lane_following/workspace/install/type_msg/include/type_msg/type_msg/msg/detail/signal_control__traits.hpp
-- Up-to-date: /home/nguyendat/Desktop/DA_RB_v_TTNT/github/Mobile_robot_lane_following/workspace/install/type_msg/include/type_msg/type_msg/msg/detail/offset_angle__type_support.hpp
-- Up-to-date: /home/nguyendat/Desktop/DA_RB_v_TTNT/github/Mobile_robot_lane_following/workspace/install/type_msg/include/type_msg/type_msg/msg/detail/offset_angle__traits.hpp
-- Up-to-date: /home/nguyendat/Desktop/DA_RB_v_TTNT/github/Mobile_robot_lane_following/workspace/install/type_msg/include/type_msg/type_msg/msg/rosidl_generator_cpp__visibility_control.hpp
-- Up-to-date: /home/nguyendat/Desktop/DA_RB_v_TTNT/github/Mobile_robot_lane_following/workspace/install/type_msg/include/type_msg/type_msg/msg/offset_angle.hpp
-- Up-to-date: /home/nguyendat/Desktop/DA_RB_v_TTNT/github/Mobile_robot_lane_following/workspace/install/type_msg/include/type_msg/type_msg/msg/signal_control.hpp
-- Up-to-date: /home/nguyendat/Desktop/DA_RB_v_TTNT/github/Mobile_robot_lane_following/workspace/install/type_msg/include/type_msg/type_msg
-- Up-to-date: /home/nguyendat/Desktop/DA_RB_v_TTNT/github/Mobile_robot_lane_following/workspace/install/type_msg/include/type_msg/type_msg/msg
-- Up-to-date: /home/nguyendat/Desktop/DA_RB_v_TTNT/github/Mobile_robot_lane_following/workspace/install/type_msg/include/type_msg/type_msg/msg/detail
-- Up-to-date: /home/nguyendat/Desktop/DA_RB_v_TTNT/github/Mobile_robot_lane_following/workspace/install/type_msg/include/type_msg/type_msg/msg/detail/signal_control__rosidl_typesupport_fastrtps_cpp.hpp
-- Up-to-date: /home/nguyendat/Desktop/DA_RB_v_TTNT/github/Mobile_robot_lane_following/workspace/install/type_msg/include/type_msg/type_msg/msg/detail/dds_fastrtps
-- Up-to-date: /home/nguyendat/Desktop/DA_RB_v_TTNT/github/Mobile_robot_lane_following/workspace/install/type_msg/include/type_msg/type_msg/msg/detail/offset_angle__rosidl_typesupport_fastrtps_cpp.hpp
-- Up-to-date: /home/nguyendat/Desktop/DA_RB_v_TTNT/github/Mobile_robot_lane_following/workspace/install/type_msg/include/type_msg/type_msg/msg/rosidl_typesupport_fastrtps_cpp__visibility_control.h
-- Up-to-date: /home/nguyendat/Desktop/DA_RB_v_TTNT/github/Mobile_robot_lane_following/workspace/install/type_msg/lib/libtype_msg__rosidl_typesupport_fastrtps_cpp.so
-- Up-to-date: /home/nguyendat/Desktop/DA_RB_v_TTNT/github/Mobile_robot_lane_following/workspace/install/type_msg/include/type_msg/type_msg
-- Up-to-date: /home/nguyendat/Desktop/DA_RB_v_TTNT/github/Mobile_robot_lane_following/workspace/install/type_msg/include/type_msg/type_msg/msg
-- Up-to-date: /home/nguyendat/Desktop/DA_RB_v_TTNT/github/Mobile_robot_lane_following/workspace/install/type_msg/include/type_msg/type_msg/msg/detail
-- Up-to-date: /home/nguyendat/Desktop/DA_RB_v_TTNT/github/Mobile_robot_lane_following/workspace/install/type_msg/include/type_msg/type_msg/msg/detail/signal_control__type_support.cpp
-- Up-to-date: /home/nguyendat/Desktop/DA_RB_v_TTNT/github/Mobile_robot_lane_following/workspace/install/type_msg/include/type_msg/type_msg/msg/detail/offset_angle__type_support.cpp
-- Up-to-date: /home/nguyendat/Desktop/DA_RB_v_TTNT/github/Mobile_robot_lane_following/workspace/install/type_msg/include/type_msg/type_msg/msg/detail/offset_angle__rosidl_typesupport_introspection_cpp.hpp
-- Up-to-date: /home/nguyendat/Desktop/DA_RB_v_TTNT/github/Mobile_robot_lane_following/workspace/install/type_msg/include/type_msg/type_msg/msg/detail/signal_control__rosidl_typesupport_introspection_cpp.hpp
-- Up-to-date: /home/nguyendat/Desktop/DA_RB_v_TTNT/github/Mobile_robot_lane_following/workspace/install/type_msg/lib/libtype_msg__rosidl_typesupport_introspection_cpp.so
-- Up-to-date: /home/nguyendat/Desktop/DA_RB_v_TTNT/github/Mobile_robot_lane_following/workspace/install/type_msg/lib/libtype_msg__rosidl_typesupport_cpp.so
-- Up-to-date: /home/nguyendat/Desktop/DA_RB_v_TTNT/github/Mobile_robot_lane_following/workspace/install/type_msg/share/type_msg/environment/pythonpath.sh
-- Up-to-date: /home/nguyendat/Desktop/DA_RB_v_TTNT/github/Mobile_robot_lane_following/workspace/install/type_msg/share/type_msg/environment/pythonpath.dsv
-- Up-to-date: /home/nguyendat/Desktop/DA_RB_v_TTNT/github/Mobile_robot_lane_following/workspace/install/type_msg/local/lib/python3.10/dist-packages/type_msg-0.0.0-py3.10.egg-info
-- Installing: /home/nguyendat/Desktop/DA_RB_v_TTNT/github/Mobile_robot_lane_following/workspace/install/type_msg/local/lib/python3.10/dist-packages/type_msg-0.0.0-py3.10.egg-info/SOURCES.txt
-- Installing: /home/nguyendat/Desktop/DA_RB_v_TTNT/github/Mobile_robot_lane_following/workspace/install/type_msg/local/lib/python3.10/dist-packages/type_msg-0.0.0-py3.10.egg-info/top_level.txt
-- Installing: /home/nguyendat/Desktop/DA_RB_v_TTNT/github/Mobile_robot_lane_following/workspace/install/type_msg/local/lib/python3.10/dist-packages/type_msg-0.0.0-py3.10.egg-info/dependency_links.txt
-- Installing: /home/nguyendat/Desktop/DA_RB_v_TTNT/github/Mobile_robot_lane_following/workspace/install/type_msg/local/lib/python3.10/dist-packages/type_msg-0.0.0-py3.10.egg-info/PKG-INFO
-- Up-to-date: /home/nguyendat/Desktop/DA_RB_v_TTNT/github/Mobile_robot_lane_following/workspace/install/type_msg/local/lib/python3.10/dist-packages/type_msg
-- Up-to-date: /home/nguyendat/Desktop/DA_RB_v_TTNT/github/Mobile_robot_lane_following/workspace/install/type_msg/local/lib/python3.10/dist-packages/type_msg/libtype_msg__rosidl_generator_py.so
-- Up-to-date: /home/nguyendat/Desktop/DA_RB_v_TTNT/github/Mobile_robot_lane_following/workspace/install/type_msg/local/lib/python3.10/dist-packages/type_msg/type_msg_s__rosidl_typesupport_c.cpython-310-x86_64-linux-gnu.so
-- Up-to-date: /home/nguyendat/Desktop/DA_RB_v_TTNT/github/Mobile_robot_lane_following/workspace/install/type_msg/local/lib/python3.10/dist-packages/type_msg/_type_msg_s.ep.rosidl_typesupport_fastrtps_c.c
-- Up-to-date: /home/nguyendat/Desktop/DA_RB_v_TTNT/github/Mobile_robot_lane_following/workspace/install/type_msg/local/lib/python3.10/dist-packages/type_msg/msg
-- Up-to-date: /home/nguyendat/Desktop/DA_RB_v_TTNT/github/Mobile_robot_lane_following/workspace/install/type_msg/local/lib/python3.10/dist-packages/type_msg/msg/_offset_angle_s.c
-- Up-to-date: /home/nguyendat/Desktop/DA_RB_v_TTNT/github/Mobile_robot_lane_following/workspace/install/type_msg/local/lib/python3.10/dist-packages/type_msg/msg/_signal_control_s.c
-- Up-to-date: /home/nguyendat/Desktop/DA_RB_v_TTNT/github/Mobile_robot_lane_following/workspace/install/type_msg/local/lib/python3.10/dist-packages/type_msg/msg/_offset_angle.py
-- Up-to-date: /home/nguyendat/Desktop/DA_RB_v_TTNT/github/Mobile_robot_lane_following/workspace/install/type_msg/local/lib/python3.10/dist-packages/type_msg/msg/_signal_control.py
-- Up-to-date: /home/nguyendat/Desktop/DA_RB_v_TTNT/github/Mobile_robot_lane_following/workspace/install/type_msg/local/lib/python3.10/dist-packages/type_msg/msg/__init__.py
-- Up-to-date: /home/nguyendat/Desktop/DA_RB_v_TTNT/github/Mobile_robot_lane_following/workspace/install/type_msg/local/lib/python3.10/dist-packages/type_msg/type_msg_s__rosidl_typesupport_fastrtps_c.cpython-310-x86_64-linux-gnu.so
-- Up-to-date: /home/nguyendat/Desktop/DA_RB_v_TTNT/github/Mobile_robot_lane_following/workspace/install/type_msg/local/lib/python3.10/dist-packages/type_msg/type_msg_s__rosidl_typesupport_introspection_c.cpython-310-x86_64-linux-gnu.so
-- Up-to-date: /home/nguyendat/Desktop/DA_RB_v_TTNT/github/Mobile_robot_lane_following/workspace/install/type_msg/local/lib/python3.10/dist-packages/type_msg/__init__.py
-- Up-to-date: /home/nguyendat/Desktop/DA_RB_v_TTNT/github/Mobile_robot_lane_following/workspace/install/type_msg/local/lib/python3.10/dist-packages/type_msg/_type_msg_s.ep.rosidl_typesupport_introspection_c.c
-- Up-to-date: /home/nguyendat/Desktop/DA_RB_v_TTNT/github/Mobile_robot_lane_following/workspace/install/type_msg/local/lib/python3.10/dist-packages/type_msg/_type_msg_s.ep.rosidl_typesupport_c.c
Listing '/home/nguyendat/Desktop/DA_RB_v_TTNT/github/Mobile_robot_lane_following/workspace/install/type_msg/local/lib/python3.10/dist-packages/type_msg'...
Listing '/home/nguyendat/Desktop/DA_RB_v_TTNT/github/Mobile_robot_lane_following/workspace/install/type_msg/local/lib/python3.10/dist-packages/type_msg/msg'...
-- Up-to-date: /home/nguyendat/Desktop/DA_RB_v_TTNT/github/Mobile_robot_lane_following/workspace/install/type_msg/local/lib/python3.10/dist-packages/type_msg/type_msg_s__rosidl_typesupport_fastrtps_c.cpython-310-x86_64-linux-gnu.so
-- Up-to-date: /home/nguyendat/Desktop/DA_RB_v_TTNT/github/Mobile_robot_lane_following/workspace/install/type_msg/local/lib/python3.10/dist-packages/type_msg/type_msg_s__rosidl_typesupport_introspection_c.cpython-310-x86_64-linux-gnu.so
-- Up-to-date: /home/nguyendat/Desktop/DA_RB_v_TTNT/github/Mobile_robot_lane_following/workspace/install/type_msg/local/lib/python3.10/dist-packages/type_msg/type_msg_s__rosidl_typesupport_c.cpython-310-x86_64-linux-gnu.so
-- Up-to-date: /home/nguyendat/Desktop/DA_RB_v_TTNT/github/Mobile_robot_lane_following/workspace/install/type_msg/lib/libtype_msg__rosidl_generator_py.so
-- Up-to-date: /home/nguyendat/Desktop/DA_RB_v_TTNT/github/Mobile_robot_lane_following/workspace/install/type_msg/share/type_msg/msg/OffsetAngle.idl
-- Up-to-date: /home/nguyendat/Desktop/DA_RB_v_TTNT/github/Mobile_robot_lane_following/workspace/install/type_msg/share/type_msg/msg/SignalControl.idl
-- Up-to-date: /home/nguyendat/Desktop/DA_RB_v_TTNT/github/Mobile_robot_lane_following/workspace/install/type_msg/share/type_msg/msg/OffsetAngle.msg
-- Up-to-date: /home/nguyendat/Desktop/DA_RB_v_TTNT/github/Mobile_robot_lane_following/workspace/install/type_msg/share/type_msg/msg/SignalControl.msg
-- Up-to-date: /home/nguyendat/Desktop/DA_RB_v_TTNT/github/Mobile_robot_lane_following/workspace/install/type_msg/share/ament_index/resource_index/package_run_dependencies/type_msg
-- Up-to-date: /home/nguyendat/Desktop/DA_RB_v_TTNT/github/Mobile_robot_lane_following/workspace/install/type_msg/share/ament_index/resource_index/parent_prefix_path/type_msg
-- Up-to-date: /home/nguyendat/Desktop/DA_RB_v_TTNT/github/Mobile_robot_lane_following/workspace/install/type_msg/share/type_msg/environment/ament_prefix_path.sh
-- Up-to-date: /home/nguyendat/Desktop/DA_RB_v_TTNT/github/Mobile_robot_lane_following/workspace/install/type_msg/share/type_msg/environment/ament_prefix_path.dsv
-- Up-to-date: /home/nguyendat/Desktop/DA_RB_v_TTNT/github/Mobile_robot_lane_following/workspace/install/type_msg/share/type_msg/environment/path.sh
-- Up-to-date: /home/nguyendat/Desktop/DA_RB_v_TTNT/github/Mobile_robot_lane_following/workspace/install/type_msg/share/type_msg/environment/path.dsv
-- Up-to-date: /home/nguyendat/Desktop/DA_RB_v_TTNT/github/Mobile_robot_lane_following/workspace/install/type_msg/share/type_msg/local_setup.bash
-- Up-to-date: /home/nguyendat/Desktop/DA_RB_v_TTNT/github/Mobile_robot_lane_following/workspace/install/type_msg/share/type_msg/local_setup.sh
-- Up-to-date: /home/nguyendat/Desktop/DA_RB_v_TTNT/github/Mobile_robot_lane_following/workspace/install/type_msg/share/type_msg/local_setup.zsh
-- Up-to-date: /home/nguyendat/Desktop/DA_RB_v_TTNT/github/Mobile_robot_lane_following/workspace/install/type_msg/share/type_msg/local_setup.dsv
-- Installing: /home/nguyendat/Desktop/DA_RB_v_TTNT/github/Mobile_robot_lane_following/workspace/install/type_msg/share/type_msg/package.dsv
-- Up-to-date: /home/nguyendat/Desktop/DA_RB_v_TTNT/github/Mobile_robot_lane_following/workspace/install/type_msg/share/ament_index/resource_index/packages/type_msg
-- Up-to-date: /home/nguyendat/Desktop/DA_RB_v_TTNT/github/Mobile_robot_lane_following/workspace/install/type_msg/share/type_msg/cmake/export_type_msg__rosidl_generator_cExport.cmake
-- Up-to-date: /home/nguyendat/Desktop/DA_RB_v_TTNT/github/Mobile_robot_lane_following/workspace/install/type_msg/share/type_msg/cmake/export_type_msg__rosidl_generator_cExport-noconfig.cmake
-- Up-to-date: /home/nguyendat/Desktop/DA_RB_v_TTNT/github/Mobile_robot_lane_following/workspace/install/type_msg/share/type_msg/cmake/export_type_msg__rosidl_typesupport_fastrtps_cExport.cmake
-- Up-to-date: /home/nguyendat/Desktop/DA_RB_v_TTNT/github/Mobile_robot_lane_following/workspace/install/type_msg/share/type_msg/cmake/export_type_msg__rosidl_typesupport_fastrtps_cExport-noconfig.cmake
-- Up-to-date: /home/nguyendat/Desktop/DA_RB_v_TTNT/github/Mobile_robot_lane_following/workspace/install/type_msg/share/type_msg/cmake/type_msg__rosidl_typesupport_introspection_cExport.cmake
-- Up-to-date: /home/nguyendat/Desktop/DA_RB_v_TTNT/github/Mobile_robot_lane_following/workspace/install/type_msg/share/type_msg/cmake/type_msg__rosidl_typesupport_introspection_cExport-noconfig.cmake
-- Up-to-date: /home/nguyendat/Desktop/DA_RB_v_TTNT/github/Mobile_robot_lane_following/workspace/install/type_msg/share/type_msg/cmake/type_msg__rosidl_typesupport_cExport.cmake
-- Up-to-date: /home/nguyendat/Desktop/DA_RB_v_TTNT/github/Mobile_robot_lane_following/workspace/install/type_msg/share/type_msg/cmake/type_msg__rosidl_typesupport_cExport-noconfig.cmake
-- Up-to-date: /home/nguyendat/Desktop/DA_RB_v_TTNT/github/Mobile_robot_lane_following/workspace/install/type_msg/share/type_msg/cmake/export_type_msg__rosidl_generator_cppExport.cmake
-- Up-to-date: /home/nguyendat/Desktop/DA_RB_v_TTNT/github/Mobile_robot_lane_following/workspace/install/type_msg/share/type_msg/cmake/export_type_msg__rosidl_typesupport_fastrtps_cppExport.cmake
-- Up-to-date: /home/nguyendat/Desktop/DA_RB_v_TTNT/github/Mobile_robot_lane_following/workspace/install/type_msg/share/type_msg/cmake/export_type_msg__rosidl_typesupport_fastrtps_cppExport-noconfig.cmake
-- Up-to-date: /home/nguyendat/Desktop/DA_RB_v_TTNT/github/Mobile_robot_lane_following/workspace/install/type_msg/share/type_msg/cmake/type_msg__rosidl_typesupport_introspection_cppExport.cmake
-- Up-to-date: /home/nguyendat/Desktop/DA_RB_v_TTNT/github/Mobile_robot_lane_following/workspace/install/type_msg/share/type_msg/cmake/type_msg__rosidl_typesupport_introspection_cppExport-noconfig.cmake
-- Up-to-date: /home/nguyendat/Desktop/DA_RB_v_TTNT/github/Mobile_robot_lane_following/workspace/install/type_msg/share/type_msg/cmake/type_msg__rosidl_typesupport_cppExport.cmake
-- Up-to-date: /home/nguyendat/Desktop/DA_RB_v_TTNT/github/Mobile_robot_lane_following/workspace/install/type_msg/share/type_msg/cmake/type_msg__rosidl_typesupport_cppExport-noconfig.cmake
-- Up-to-date: /home/nguyendat/Desktop/DA_RB_v_TTNT/github/Mobile_robot_lane_following/workspace/install/type_msg/share/type_msg/cmake/export_type_msg__rosidl_generator_pyExport.cmake
-- Up-to-date: /home/nguyendat/Desktop/DA_RB_v_TTNT/github/Mobile_robot_lane_following/workspace/install/type_msg/share/type_msg/cmake/export_type_msg__rosidl_generator_pyExport-noconfig.cmake
-- Up-to-date: /home/nguyendat/Desktop/DA_RB_v_TTNT/github/Mobile_robot_lane_following/workspace/install/type_msg/share/type_msg/cmake/rosidl_cmake-extras.cmake
-- Up-to-date: /home/nguyendat/Desktop/DA_RB_v_TTNT/github/Mobile_robot_lane_following/workspace/install/type_msg/share/type_msg/cmake/ament_cmake_export_include_directories-extras.cmake
-- Up-to-date: /home/nguyendat/Desktop/DA_RB_v_TTNT/github/Mobile_robot_lane_following/workspace/install/type_msg/share/type_msg/cmake/ament_cmake_export_libraries-extras.cmake
-- Up-to-date: /home/nguyendat/Desktop/DA_RB_v_TTNT/github/Mobile_robot_lane_following/workspace/install/type_msg/share/type_msg/cmake/ament_cmake_export_targets-extras.cmake
-- Up-to-date: /home/nguyendat/Desktop/DA_RB_v_TTNT/github/Mobile_robot_lane_following/workspace/install/type_msg/share/type_msg/cmake/rosidl_cmake_export_typesupport_targets-extras.cmake
-- Up-to-date: /home/nguyendat/Desktop/DA_RB_v_TTNT/github/Mobile_robot_lane_following/workspace/install/type_msg/share/type_msg/cmake/ament_cmake_export_dependencies-extras.cmake
-- Up-to-date: /home/nguyendat/Desktop/DA_RB_v_TTNT/github/Mobile_robot_lane_following/workspace/install/type_msg/share/type_msg/cmake/rosidl_cmake_export_typesupport_libraries-extras.cmake
-- Up-to-date: /home/nguyendat/Desktop/DA_RB_v_TTNT/github/Mobile_robot_lane_following/workspace/install/type_msg/share/type_msg/cmake/type_msgConfig.cmake
-- Up-to-date: /home/nguyendat/Desktop/DA_RB_v_TTNT/github/Mobile_robot_lane_following/workspace/install/type_msg/share/type_msg/cmake/type_msgConfig-version.cmake
-- Up-to-date: /home/nguyendat/Desktop/DA_RB_v_TTNT/github/Mobile_robot_lane_following/workspace/install/type_msg/share/type_msg/package.xml
