[1.263s] Invoking command in '/home/nguyendat/Desktop/DA_RB_v_TTNT/github/Mobile_robot_lane_following/workspace/src/lane_following': CMAKE_PREFIX_PATH=/home/nguyendat/Desktop/DA_RB_v_TTNT/github/Mobile_robot_lane_following/workspace/install/type_msg:/home/nguyendat/Desktop/DA_RB_v_TTNT/github/Mobile_robot_lane_following/workspace/install/file_launch PYTHONPATH=/home/nguyendat/Desktop/DA_RB_v_TTNT/github/Mobile_robot_lane_following/workspace/build/lane_following/prefix_override:/usr/lib/python3/dist-packages/colcon_core/task/python/colcon_distutils_commands:/home/nguyendat/Desktop/DA_RB_v_TTNT/github/Mobile_robot_lane_following/workspace/install/lane_following/lib/python3.10/site-packages:${PYTHONPATH} /usr/bin/python3 -W ignore:setup.py install is deprecated -W ignore:easy_install command is deprecated setup.py egg_info --egg-base ../../build/lane_following build --build-base /home/nguyendat/Desktop/DA_RB_v_TTNT/github/Mobile_robot_lane_following/workspace/build/lane_following/build install --record /home/nguyendat/Desktop/DA_RB_v_TTNT/github/Mobile_robot_lane_following/workspace/build/lane_following/install.log --single-version-externally-managed install_data
[1.562s] running egg_info
[1.563s] writing ../../build/lane_following/lane_following.egg-info/PKG-INFO
[1.564s] writing dependency_links to ../../build/lane_following/lane_following.egg-info/dependency_links.txt
[1.564s] writing entry points to ../../build/lane_following/lane_following.egg-info/entry_points.txt
[1.564s] writing requirements to ../../build/lane_following/lane_following.egg-info/requires.txt
[1.564s] writing top-level names to ../../build/lane_following/lane_following.egg-info/top_level.txt
[1.567s] reading manifest file '../../build/lane_following/lane_following.egg-info/SOURCES.txt'
[1.568s] writing manifest file '../../build/lane_following/lane_following.egg-info/SOURCES.txt'
[1.568s] running build
[1.568s] running build_py
[1.568s] running install
[1.569s] running install_lib
[1.570s] running install_data
[1.570s] running install_egg_info
[1.572s] removing '/home/nguyendat/Desktop/DA_RB_v_TTNT/github/Mobile_robot_lane_following/workspace/install/lane_following/lib/python3.10/site-packages/lane_following-0.0.0-py3.10.egg-info' (and everything under it)
[1.573s] Copying ../../build/lane_following/lane_following.egg-info to /home/nguyendat/Desktop/DA_RB_v_TTNT/github/Mobile_robot_lane_following/workspace/install/lane_following/lib/python3.10/site-packages/lane_following-0.0.0-py3.10.egg-info
[1.573s] running install_scripts
[1.596s] Installing lane_detection script to /home/nguyendat/Desktop/DA_RB_v_TTNT/github/Mobile_robot_lane_following/workspace/install/lane_following/lib/lane_following
[1.597s] writing list of installed files to '/home/nguyendat/Desktop/DA_RB_v_TTNT/github/Mobile_robot_lane_following/workspace/build/lane_following/install.log'
[1.620s] Invoked command in '/home/nguyendat/Desktop/DA_RB_v_TTNT/github/Mobile_robot_lane_following/workspace/src/lane_following' returned '0': CMAKE_PREFIX_PATH=/home/nguyendat/Desktop/DA_RB_v_TTNT/github/Mobile_robot_lane_following/workspace/install/type_msg:/home/nguyendat/Desktop/DA_RB_v_TTNT/github/Mobile_robot_lane_following/workspace/install/file_launch PYTHONPATH=/home/nguyendat/Desktop/DA_RB_v_TTNT/github/Mobile_robot_lane_following/workspace/build/lane_following/prefix_override:/usr/lib/python3/dist-packages/colcon_core/task/python/colcon_distutils_commands:/home/nguyendat/Desktop/DA_RB_v_TTNT/github/Mobile_robot_lane_following/workspace/install/lane_following/lib/python3.10/site-packages:${PYTHONPATH} /usr/bin/python3 -W ignore:setup.py install is deprecated -W ignore:easy_install command is deprecated setup.py egg_info --egg-base ../../build/lane_following build --build-base /home/nguyendat/Desktop/DA_RB_v_TTNT/github/Mobile_robot_lane_following/workspace/build/lane_following/build install --record /home/nguyendat/Desktop/DA_RB_v_TTNT/github/Mobile_robot_lane_following/workspace/build/lane_following/install.log --single-version-externally-managed install_data
