/home/nguyendat/Desktop/DA_RB_v_TTNT/github/Mobile_robot_lane_following/workspace/install/lane_following/lib/python3.10/site-packages/lane_following/__init__.py
/home/nguyendat/Desktop/DA_RB_v_TTNT/github/Mobile_robot_lane_following/workspace/install/lane_following/lib/python3.10/site-packages/lane_following/lane_detection.py
/home/nguyendat/Desktop/DA_RB_v_TTNT/github/Mobile_robot_lane_following/workspace/install/lane_following/lib/python3.10/site-packages/FastSCNN/__init__.py
/home/nguyendat/Desktop/DA_RB_v_TTNT/github/Mobile_robot_lane_following/workspace/install/lane_following/lib/python3.10/site-packages/FastSCNN/models/__init__.py
/home/nguyendat/Desktop/DA_RB_v_TTNT/github/Mobile_robot_lane_following/workspace/install/lane_following/lib/python3.10/site-packages/FastSCNN/models/FastSCNN.py
/home/nguyendat/Desktop/DA_RB_v_TTNT/github/Mobile_robot_lane_following/workspace/install/lane_following/lib/python3.10/site-packages/lane_following/__pycache__/__init__.cpython-310.pyc
/home/nguyendat/Desktop/DA_RB_v_TTNT/github/Mobile_robot_lane_following/workspace/install/lane_following/lib/python3.10/site-packages/lane_following/__pycache__/lane_detection.cpython-310.pyc
/home/nguyendat/Desktop/DA_RB_v_TTNT/github/Mobile_robot_lane_following/workspace/install/lane_following/lib/python3.10/site-packages/FastSCNN/__pycache__/__init__.cpython-310.pyc
/home/nguyendat/Desktop/DA_RB_v_TTNT/github/Mobile_robot_lane_following/workspace/install/lane_following/lib/python3.10/site-packages/FastSCNN/models/__pycache__/__init__.cpython-310.pyc
/home/nguyendat/Desktop/DA_RB_v_TTNT/github/Mobile_robot_lane_following/workspace/install/lane_following/lib/python3.10/site-packages/FastSCNN/models/__pycache__/FastSCNN.cpython-310.pyc
/home/nguyendat/Desktop/DA_RB_v_TTNT/github/Mobile_robot_lane_following/workspace/install/lane_following/share/ament_index/resource_index/packages/lane_following
/home/nguyendat/Desktop/DA_RB_v_TTNT/github/Mobile_robot_lane_following/workspace/install/lane_following/share/lane_following/package.xml
/home/nguyendat/Desktop/DA_RB_v_TTNT/github/Mobile_robot_lane_following/workspace/install/lane_following/share/lane_following/FastSCNN/weights/fast_scnn_best_weights.pth
/home/nguyendat/Desktop/DA_RB_v_TTNT/github/Mobile_robot_lane_following/workspace/install/lane_following/lib/python3.10/site-packages/lane_following-0.0.0-py3.10.egg-info/zip-safe
/home/nguyendat/Desktop/DA_RB_v_TTNT/github/Mobile_robot_lane_following/workspace/install/lane_following/lib/python3.10/site-packages/lane_following-0.0.0-py3.10.egg-info/requires.txt
/home/nguyendat/Desktop/DA_RB_v_TTNT/github/Mobile_robot_lane_following/workspace/install/lane_following/lib/python3.10/site-packages/lane_following-0.0.0-py3.10.egg-info/SOURCES.txt
/home/nguyendat/Desktop/DA_RB_v_TTNT/github/Mobile_robot_lane_following/workspace/install/lane_following/lib/python3.10/site-packages/lane_following-0.0.0-py3.10.egg-info/top_level.txt
/home/nguyendat/Desktop/DA_RB_v_TTNT/github/Mobile_robot_lane_following/workspace/install/lane_following/lib/python3.10/site-packages/lane_following-0.0.0-py3.10.egg-info/entry_points.txt
/home/nguyendat/Desktop/DA_RB_v_TTNT/github/Mobile_robot_lane_following/workspace/install/lane_following/lib/python3.10/site-packages/lane_following-0.0.0-py3.10.egg-info/dependency_links.txt
/home/nguyendat/Desktop/DA_RB_v_TTNT/github/Mobile_robot_lane_following/workspace/install/lane_following/lib/python3.10/site-packages/lane_following-0.0.0-py3.10.egg-info/PKG-INFO
/home/nguyendat/Desktop/DA_RB_v_TTNT/github/Mobile_robot_lane_following/workspace/install/lane_following/lib/lane_following/lane_detection
