running egg_info
writing ../../build/raspberry_brigde/raspberry_brigde.egg-info/PKG-INFO
writing dependency_links to ../../build/raspberry_brigde/raspberry_brigde.egg-info/dependency_links.txt
writing entry points to ../../build/raspberry_brigde/raspberry_brigde.egg-info/entry_points.txt
writing requirements to ../../build/raspberry_brigde/raspberry_brigde.egg-info/requires.txt
writing top-level names to ../../build/raspberry_brigde/raspberry_brigde.egg-info/top_level.txt
reading manifest file '../../build/raspberry_brigde/raspberry_brigde.egg-info/SOURCES.txt'
writing manifest file '../../build/raspberry_brigde/raspberry_brigde.egg-info/SOURCES.txt'
running build
running build_py
copying raspberry_brigde/send_signal_control.py -> /home/nguyendat/Desktop/DA_RB_v_TTNT/github/Mobile_robot_lane_following/workspace/build/raspberry_brigde/build/lib/raspberry_brigde
running install
running install_lib
copying /home/nguyendat/Desktop/DA_RB_v_TTNT/github/Mobile_robot_lane_following/workspace/build/raspberry_brigde/build/lib/raspberry_brigde/send_signal_control.py -> /home/nguyendat/Desktop/DA_RB_v_TTNT/github/Mobile_robot_lane_following/workspace/install/raspberry_brigde/lib/python3.10/site-packages/raspberry_brigde
byte-compiling /home/nguyendat/Desktop/DA_RB_v_TTNT/github/Mobile_robot_lane_following/workspace/install/raspberry_brigde/lib/python3.10/site-packages/raspberry_brigde/send_signal_control.py to send_signal_control.cpython-310.pyc
running install_data
running install_egg_info
removing '/home/nguyendat/Desktop/DA_RB_v_TTNT/github/Mobile_robot_lane_following/workspace/install/raspberry_brigde/lib/python3.10/site-packages/raspberry_brigde-0.0.0-py3.10.egg-info' (and everything under it)
Copying ../../build/raspberry_brigde/raspberry_brigde.egg-info to /home/nguyendat/Desktop/DA_RB_v_TTNT/github/Mobile_robot_lane_following/workspace/install/raspberry_brigde/lib/python3.10/site-packages/raspberry_brigde-0.0.0-py3.10.egg-info
running install_scripts
Installing get_image script to /home/nguyendat/Desktop/DA_RB_v_TTNT/github/Mobile_robot_lane_following/workspace/install/raspberry_brigde/lib/raspberry_brigde
Installing send_signal_control script to /home/nguyendat/Desktop/DA_RB_v_TTNT/github/Mobile_robot_lane_following/workspace/install/raspberry_brigde/lib/raspberry_brigde
writing list of installed files to '/home/nguyendat/Desktop/DA_RB_v_TTNT/github/Mobile_robot_lane_following/workspace/build/raspberry_brigde/install.log'
