[1.082s] Invoking command in '/home/nguyendat/Desktop/DA_RB_v_TTNT/github/Mobile_robot_lane_following/workspace/src/raspberry_brigde': CMAKE_PREFIX_PATH=/home/nguyendat/Desktop/DA_RB_v_TTNT/github/Mobile_robot_lane_following/workspace/install/type_msg:/home/nguyendat/Desktop/DA_RB_v_TTNT/github/Mobile_robot_lane_following/workspace/install/file_launch PYTHONPATH=/home/nguyendat/Desktop/DA_RB_v_TTNT/github/Mobile_robot_lane_following/workspace/build/raspberry_brigde/prefix_override:/usr/lib/python3/dist-packages/colcon_core/task/python/colcon_distutils_commands:/home/nguyendat/Desktop/DA_RB_v_TTNT/github/Mobile_robot_lane_following/workspace/install/raspberry_brigde/lib/python3.10/site-packages:${PYTHONPATH} /usr/bin/python3 -W ignore:setup.py install is deprecated -W ignore:easy_install command is deprecated setup.py egg_info --egg-base ../../build/raspberry_brigde build --build-base /home/nguyendat/Desktop/DA_RB_v_TTNT/github/Mobile_robot_lane_following/workspace/build/raspberry_brigde/build install --record /home/nguyendat/Desktop/DA_RB_v_TTNT/github/Mobile_robot_lane_following/workspace/build/raspberry_brigde/install.log --single-version-externally-managed install_data
[1.310s] running egg_info
[1.311s] writing ../../build/raspberry_brigde/raspberry_brigde.egg-info/PKG-INFO
[1.311s] writing dependency_links to ../../build/raspberry_brigde/raspberry_brigde.egg-info/dependency_links.txt
[1.312s] writing entry points to ../../build/raspberry_brigde/raspberry_brigde.egg-info/entry_points.txt
[1.312s] writing requirements to ../../build/raspberry_brigde/raspberry_brigde.egg-info/requires.txt
[1.312s] writing top-level names to ../../build/raspberry_brigde/raspberry_brigde.egg-info/top_level.txt
[1.313s] reading manifest file '../../build/raspberry_brigde/raspberry_brigde.egg-info/SOURCES.txt'
[1.314s] writing manifest file '../../build/raspberry_brigde/raspberry_brigde.egg-info/SOURCES.txt'
[1.314s] running build
[1.314s] running build_py
[1.314s] copying raspberry_brigde/send_signal_control.py -> /home/nguyendat/Desktop/DA_RB_v_TTNT/github/Mobile_robot_lane_following/workspace/build/raspberry_brigde/build/lib/raspberry_brigde
[1.315s] running install
[1.315s] running install_lib
[1.316s] copying /home/nguyendat/Desktop/DA_RB_v_TTNT/github/Mobile_robot_lane_following/workspace/build/raspberry_brigde/build/lib/raspberry_brigde/send_signal_control.py -> /home/nguyendat/Desktop/DA_RB_v_TTNT/github/Mobile_robot_lane_following/workspace/install/raspberry_brigde/lib/python3.10/site-packages/raspberry_brigde
[1.316s] byte-compiling /home/nguyendat/Desktop/DA_RB_v_TTNT/github/Mobile_robot_lane_following/workspace/install/raspberry_brigde/lib/python3.10/site-packages/raspberry_brigde/send_signal_control.py to send_signal_control.cpython-310.pyc
[1.317s] running install_data
[1.317s] running install_egg_info
[1.319s] removing '/home/nguyendat/Desktop/DA_RB_v_TTNT/github/Mobile_robot_lane_following/workspace/install/raspberry_brigde/lib/python3.10/site-packages/raspberry_brigde-0.0.0-py3.10.egg-info' (and everything under it)
[1.319s] Copying ../../build/raspberry_brigde/raspberry_brigde.egg-info to /home/nguyendat/Desktop/DA_RB_v_TTNT/github/Mobile_robot_lane_following/workspace/install/raspberry_brigde/lib/python3.10/site-packages/raspberry_brigde-0.0.0-py3.10.egg-info
[1.320s] running install_scripts
[1.339s] Installing get_image script to /home/nguyendat/Desktop/DA_RB_v_TTNT/github/Mobile_robot_lane_following/workspace/install/raspberry_brigde/lib/raspberry_brigde
[1.340s] Installing send_signal_control script to /home/nguyendat/Desktop/DA_RB_v_TTNT/github/Mobile_robot_lane_following/workspace/install/raspberry_brigde/lib/raspberry_brigde
[1.340s] writing list of installed files to '/home/nguyendat/Desktop/DA_RB_v_TTNT/github/Mobile_robot_lane_following/workspace/build/raspberry_brigde/install.log'
[1.367s] Invoked command in '/home/nguyendat/Desktop/DA_RB_v_TTNT/github/Mobile_robot_lane_following/workspace/src/raspberry_brigde' returned '0': CMAKE_PREFIX_PATH=/home/nguyendat/Desktop/DA_RB_v_TTNT/github/Mobile_robot_lane_following/workspace/install/type_msg:/home/nguyendat/Desktop/DA_RB_v_TTNT/github/Mobile_robot_lane_following/workspace/install/file_launch PYTHONPATH=/home/nguyendat/Desktop/DA_RB_v_TTNT/github/Mobile_robot_lane_following/workspace/build/raspberry_brigde/prefix_override:/usr/lib/python3/dist-packages/colcon_core/task/python/colcon_distutils_commands:/home/nguyendat/Desktop/DA_RB_v_TTNT/github/Mobile_robot_lane_following/workspace/install/raspberry_brigde/lib/python3.10/site-packages:${PYTHONPATH} /usr/bin/python3 -W ignore:setup.py install is deprecated -W ignore:easy_install command is deprecated setup.py egg_info --egg-base ../../build/raspberry_brigde build --build-base /home/nguyendat/Desktop/DA_RB_v_TTNT/github/Mobile_robot_lane_following/workspace/build/raspberry_brigde/build install --record /home/nguyendat/Desktop/DA_RB_v_TTNT/github/Mobile_robot_lane_following/workspace/build/raspberry_brigde/install.log --single-version-externally-managed install_data
