[1.217s] Invoking command in '/home/nguyendat/Desktop/DA_RB_v_TTNT/github/Mobile_robot_lane_following/workspace/src/obstacle_detection': CMAKE_PREFIX_PATH=/home/nguyendat/Desktop/DA_RB_v_TTNT/github/Mobile_robot_lane_following/workspace/install/type_msg:/home/nguyendat/Desktop/DA_RB_v_TTNT/github/Mobile_robot_lane_following/workspace/install/file_launch PYTHONPATH=/home/nguyendat/Desktop/DA_RB_v_TTNT/github/Mobile_robot_lane_following/workspace/build/obstacle_detection/prefix_override:/usr/lib/python3/dist-packages/colcon_core/task/python/colcon_distutils_commands:/home/nguyendat/Desktop/DA_RB_v_TTNT/github/Mobile_robot_lane_following/workspace/install/obstacle_detection/lib/python3.10/site-packages:${PYTHONPATH} /usr/bin/python3 -W ignore:setup.py install is deprecated -W ignore:easy_install command is deprecated setup.py egg_info --egg-base ../../build/obstacle_detection build --build-base /home/nguyendat/Desktop/DA_RB_v_TTNT/github/Mobile_robot_lane_following/workspace/build/obstacle_detection/build install --record /home/nguyendat/Desktop/DA_RB_v_TTNT/github/Mobile_robot_lane_following/workspace/build/obstacle_detection/install.log --single-version-externally-managed install_data
[1.496s] running egg_info
[1.497s] writing ../../build/obstacle_detection/obstacle_detection.egg-info/PKG-INFO
[1.498s] writing dependency_links to ../../build/obstacle_detection/obstacle_detection.egg-info/dependency_links.txt
[1.498s] writing entry points to ../../build/obstacle_detection/obstacle_detection.egg-info/entry_points.txt
[1.498s] writing requirements to ../../build/obstacle_detection/obstacle_detection.egg-info/requires.txt
[1.498s] writing top-level names to ../../build/obstacle_detection/obstacle_detection.egg-info/top_level.txt
[1.500s] reading manifest file '../../build/obstacle_detection/obstacle_detection.egg-info/SOURCES.txt'
[1.501s] writing manifest file '../../build/obstacle_detection/obstacle_detection.egg-info/SOURCES.txt'
[1.501s] running build
[1.501s] running build_py
[1.501s] copying obstacle_detection/obstacle_detection.py -> /home/nguyendat/Desktop/DA_RB_v_TTNT/github/Mobile_robot_lane_following/workspace/build/obstacle_detection/build/lib/obstacle_detection
[1.501s] running install
[1.501s] running install_lib
[1.502s] copying /home/nguyendat/Desktop/DA_RB_v_TTNT/github/Mobile_robot_lane_following/workspace/build/obstacle_detection/build/lib/obstacle_detection/obstacle_detection.py -> /home/nguyendat/Desktop/DA_RB_v_TTNT/github/Mobile_robot_lane_following/workspace/install/obstacle_detection/lib/python3.10/site-packages/obstacle_detection
[1.503s] byte-compiling /home/nguyendat/Desktop/DA_RB_v_TTNT/github/Mobile_robot_lane_following/workspace/install/obstacle_detection/lib/python3.10/site-packages/obstacle_detection/obstacle_detection.py to obstacle_detection.cpython-310.pyc
[1.505s] running install_data
[1.505s] running install_egg_info
[1.507s] removing '/home/nguyendat/Desktop/DA_RB_v_TTNT/github/Mobile_robot_lane_following/workspace/install/obstacle_detection/lib/python3.10/site-packages/obstacle_detection-0.0.0-py3.10.egg-info' (and everything under it)
[1.508s] Copying ../../build/obstacle_detection/obstacle_detection.egg-info to /home/nguyendat/Desktop/DA_RB_v_TTNT/github/Mobile_robot_lane_following/workspace/install/obstacle_detection/lib/python3.10/site-packages/obstacle_detection-0.0.0-py3.10.egg-info
[1.509s] running install_scripts
[1.531s] Installing obstacle_detection script to /home/nguyendat/Desktop/DA_RB_v_TTNT/github/Mobile_robot_lane_following/workspace/install/obstacle_detection/lib/obstacle_detection
[1.532s] writing list of installed files to '/home/nguyendat/Desktop/DA_RB_v_TTNT/github/Mobile_robot_lane_following/workspace/build/obstacle_detection/install.log'
[1.565s] Invoked command in '/home/nguyendat/Desktop/DA_RB_v_TTNT/github/Mobile_robot_lane_following/workspace/src/obstacle_detection' returned '0': CMAKE_PREFIX_PATH=/home/nguyendat/Desktop/DA_RB_v_TTNT/github/Mobile_robot_lane_following/workspace/install/type_msg:/home/nguyendat/Desktop/DA_RB_v_TTNT/github/Mobile_robot_lane_following/workspace/install/file_launch PYTHONPATH=/home/nguyendat/Desktop/DA_RB_v_TTNT/github/Mobile_robot_lane_following/workspace/build/obstacle_detection/prefix_override:/usr/lib/python3/dist-packages/colcon_core/task/python/colcon_distutils_commands:/home/nguyendat/Desktop/DA_RB_v_TTNT/github/Mobile_robot_lane_following/workspace/install/obstacle_detection/lib/python3.10/site-packages:${PYTHONPATH} /usr/bin/python3 -W ignore:setup.py install is deprecated -W ignore:easy_install command is deprecated setup.py egg_info --egg-base ../../build/obstacle_detection build --build-base /home/nguyendat/Desktop/DA_RB_v_TTNT/github/Mobile_robot_lane_following/workspace/build/obstacle_detection/build install --record /home/nguyendat/Desktop/DA_RB_v_TTNT/github/Mobile_robot_lane_following/workspace/build/obstacle_detection/install.log --single-version-externally-managed install_data
