[1.185s] Invoking command in '/home/nguyendat/Desktop/DA_RB_v_TTNT/github/Mobile_robot_lane_following/workspace/src/obstacle_detection': CMAKE_PREFIX_PATH=/home/nguyendat/Desktop/DA_RB_v_TTNT/github/Mobile_robot_lane_following/workspace/install/type_msg:/home/nguyendat/Desktop/DA_RB_v_TTNT/github/Mobile_robot_lane_following/workspace/install/file_launch PYTHONPATH=/home/nguyendat/Desktop/DA_RB_v_TTNT/github/Mobile_robot_lane_following/workspace/build/obstacle_detection/prefix_override:/usr/lib/python3/dist-packages/colcon_core/task/python/colcon_distutils_commands:/home/nguyendat/Desktop/DA_RB_v_TTNT/github/Mobile_robot_lane_following/workspace/install/obstacle_detection/lib/python3.10/site-packages:${PYTHONPATH} /usr/bin/python3 -W ignore:setup.py install is deprecated -W ignore:easy_install command is deprecated setup.py egg_info --egg-base ../../build/obstacle_detection build --build-base /home/nguyendat/Desktop/DA_RB_v_TTNT/github/Mobile_robot_lane_following/workspace/build/obstacle_detection/build install --record /home/nguyendat/Desktop/DA_RB_v_TTNT/github/Mobile_robot_lane_following/workspace/build/obstacle_detection/install.log --single-version-externally-managed install_data
[1.451s] running egg_info
[1.452s] writing ../../build/obstacle_detection/obstacle_detection.egg-info/PKG-INFO
[1.452s] writing dependency_links to ../../build/obstacle_detection/obstacle_detection.egg-info/dependency_links.txt
[1.452s] writing entry points to ../../build/obstacle_detection/obstacle_detection.egg-info/entry_points.txt
[1.452s] writing requirements to ../../build/obstacle_detection/obstacle_detection.egg-info/requires.txt
[1.452s] writing top-level names to ../../build/obstacle_detection/obstacle_detection.egg-info/top_level.txt
[1.454s] reading manifest file '../../build/obstacle_detection/obstacle_detection.egg-info/SOURCES.txt'
[1.455s] writing manifest file '../../build/obstacle_detection/obstacle_detection.egg-info/SOURCES.txt'
[1.455s] running build
[1.455s] running build_py
[1.455s] running install
[1.456s] running install_lib
[1.457s] running install_data
[1.457s] running install_egg_info
[1.459s] removing '/home/nguyendat/Desktop/DA_RB_v_TTNT/github/Mobile_robot_lane_following/workspace/install/obstacle_detection/lib/python3.10/site-packages/obstacle_detection-0.0.0-py3.10.egg-info' (and everything under it)
[1.460s] Copying ../../build/obstacle_detection/obstacle_detection.egg-info to /home/nguyendat/Desktop/DA_RB_v_TTNT/github/Mobile_robot_lane_following/workspace/install/obstacle_detection/lib/python3.10/site-packages/obstacle_detection-0.0.0-py3.10.egg-info
[1.460s] running install_scripts
[1.483s] Installing obstacle_detection script to /home/nguyendat/Desktop/DA_RB_v_TTNT/github/Mobile_robot_lane_following/workspace/install/obstacle_detection/lib/obstacle_detection
[1.484s] writing list of installed files to '/home/nguyendat/Desktop/DA_RB_v_TTNT/github/Mobile_robot_lane_following/workspace/build/obstacle_detection/install.log'
[1.511s] Invoked command in '/home/nguyendat/Desktop/DA_RB_v_TTNT/github/Mobile_robot_lane_following/workspace/src/obstacle_detection' returned '0': CMAKE_PREFIX_PATH=/home/nguyendat/Desktop/DA_RB_v_TTNT/github/Mobile_robot_lane_following/workspace/install/type_msg:/home/nguyendat/Desktop/DA_RB_v_TTNT/github/Mobile_robot_lane_following/workspace/install/file_launch PYTHONPATH=/home/nguyendat/Desktop/DA_RB_v_TTNT/github/Mobile_robot_lane_following/workspace/build/obstacle_detection/prefix_override:/usr/lib/python3/dist-packages/colcon_core/task/python/colcon_distutils_commands:/home/nguyendat/Desktop/DA_RB_v_TTNT/github/Mobile_robot_lane_following/workspace/install/obstacle_detection/lib/python3.10/site-packages:${PYTHONPATH} /usr/bin/python3 -W ignore:setup.py install is deprecated -W ignore:easy_install command is deprecated setup.py egg_info --egg-base ../../build/obstacle_detection build --build-base /home/nguyendat/Desktop/DA_RB_v_TTNT/github/Mobile_robot_lane_following/workspace/build/obstacle_detection/build install --record /home/nguyendat/Desktop/DA_RB_v_TTNT/github/Mobile_robot_lane_following/workspace/build/obstacle_detection/install.log --single-version-externally-managed install_data
