running egg_info
creating ../../build/lane_following/lane_following.egg-info
writing ../../build/lane_following/lane_following.egg-info/PKG-INFO
writing dependency_links to ../../build/lane_following/lane_following.egg-info/dependency_links.txt
writing entry points to ../../build/lane_following/lane_following.egg-info/entry_points.txt
writing requirements to ../../build/lane_following/lane_following.egg-info/requires.txt
writing top-level names to ../../build/lane_following/lane_following.egg-info/top_level.txt
writing manifest file '../../build/lane_following/lane_following.egg-info/SOURCES.txt'
reading manifest file '../../build/lane_following/lane_following.egg-info/SOURCES.txt'
writing manifest file '../../build/lane_following/lane_following.egg-info/SOURCES.txt'
running build
running build_py
creating /home/nguyendat/Desktop/DA_RB_v_TTNT/github/Mobile_robot_lane_following/workspace/build/lane_following/build
creating /home/nguyendat/Desktop/DA_RB_v_TTNT/github/Mobile_robot_lane_following/workspace/build/lane_following/build/lib
creating /home/nguyendat/Desktop/DA_RB_v_TTNT/github/Mobile_robot_lane_following/workspace/build/lane_following/build/lib/lane_following
copying lane_following/__init__.py -> /home/nguyendat/Desktop/DA_RB_v_TTNT/github/Mobile_robot_lane_following/workspace/build/lane_following/build/lib/lane_following
copying lane_following/lane_detection.py -> /home/nguyendat/Desktop/DA_RB_v_TTNT/github/Mobile_robot_lane_following/workspace/build/lane_following/build/lib/lane_following
creating /home/nguyendat/Desktop/DA_RB_v_TTNT/github/Mobile_robot_lane_following/workspace/build/lane_following/build/lib/FastSCNN
copying FastSCNN/__init__.py -> /home/nguyendat/Desktop/DA_RB_v_TTNT/github/Mobile_robot_lane_following/workspace/build/lane_following/build/lib/FastSCNN
creating /home/nguyendat/Desktop/DA_RB_v_TTNT/github/Mobile_robot_lane_following/workspace/build/lane_following/build/lib/FastSCNN/models
copying FastSCNN/models/__init__.py -> /home/nguyendat/Desktop/DA_RB_v_TTNT/github/Mobile_robot_lane_following/workspace/build/lane_following/build/lib/FastSCNN/models
copying FastSCNN/models/FastSCNN.py -> /home/nguyendat/Desktop/DA_RB_v_TTNT/github/Mobile_robot_lane_following/workspace/build/lane_following/build/lib/FastSCNN/models
running install
running install_lib
creating /home/nguyendat/Desktop/DA_RB_v_TTNT/github/Mobile_robot_lane_following/workspace/install/lane_following/lib/python3.10/site-packages/lane_following
copying /home/nguyendat/Desktop/DA_RB_v_TTNT/github/Mobile_robot_lane_following/workspace/build/lane_following/build/lib/lane_following/__init__.py -> /home/nguyendat/Desktop/DA_RB_v_TTNT/github/Mobile_robot_lane_following/workspace/install/lane_following/lib/python3.10/site-packages/lane_following
copying /home/nguyendat/Desktop/DA_RB_v_TTNT/github/Mobile_robot_lane_following/workspace/build/lane_following/build/lib/lane_following/lane_detection.py -> /home/nguyendat/Desktop/DA_RB_v_TTNT/github/Mobile_robot_lane_following/workspace/install/lane_following/lib/python3.10/site-packages/lane_following
creating /home/nguyendat/Desktop/DA_RB_v_TTNT/github/Mobile_robot_lane_following/workspace/install/lane_following/lib/python3.10/site-packages/FastSCNN
creating /home/nguyendat/Desktop/DA_RB_v_TTNT/github/Mobile_robot_lane_following/workspace/install/lane_following/lib/python3.10/site-packages/FastSCNN/models
copying /home/nguyendat/Desktop/DA_RB_v_TTNT/github/Mobile_robot_lane_following/workspace/build/lane_following/build/lib/FastSCNN/models/__init__.py -> /home/nguyendat/Desktop/DA_RB_v_TTNT/github/Mobile_robot_lane_following/workspace/install/lane_following/lib/python3.10/site-packages/FastSCNN/models
copying /home/nguyendat/Desktop/DA_RB_v_TTNT/github/Mobile_robot_lane_following/workspace/build/lane_following/build/lib/FastSCNN/models/FastSCNN.py -> /home/nguyendat/Desktop/DA_RB_v_TTNT/github/Mobile_robot_lane_following/workspace/install/lane_following/lib/python3.10/site-packages/FastSCNN/models
copying /home/nguyendat/Desktop/DA_RB_v_TTNT/github/Mobile_robot_lane_following/workspace/build/lane_following/build/lib/FastSCNN/__init__.py -> /home/nguyendat/Desktop/DA_RB_v_TTNT/github/Mobile_robot_lane_following/workspace/install/lane_following/lib/python3.10/site-packages/FastSCNN
byte-compiling /home/nguyendat/Desktop/DA_RB_v_TTNT/github/Mobile_robot_lane_following/workspace/install/lane_following/lib/python3.10/site-packages/lane_following/__init__.py to __init__.cpython-310.pyc
byte-compiling /home/nguyendat/Desktop/DA_RB_v_TTNT/github/Mobile_robot_lane_following/workspace/install/lane_following/lib/python3.10/site-packages/lane_following/lane_detection.py to lane_detection.cpython-310.pyc
byte-compiling /home/nguyendat/Desktop/DA_RB_v_TTNT/github/Mobile_robot_lane_following/workspace/install/lane_following/lib/python3.10/site-packages/FastSCNN/models/__init__.py to __init__.cpython-310.pyc
byte-compiling /home/nguyendat/Desktop/DA_RB_v_TTNT/github/Mobile_robot_lane_following/workspace/install/lane_following/lib/python3.10/site-packages/FastSCNN/models/FastSCNN.py to FastSCNN.cpython-310.pyc
byte-compiling /home/nguyendat/Desktop/DA_RB_v_TTNT/github/Mobile_robot_lane_following/workspace/install/lane_following/lib/python3.10/site-packages/FastSCNN/__init__.py to __init__.cpython-310.pyc
running install_data
creating /home/nguyendat/Desktop/DA_RB_v_TTNT/github/Mobile_robot_lane_following/workspace/install/lane_following/share/ament_index
creating /home/nguyendat/Desktop/DA_RB_v_TTNT/github/Mobile_robot_lane_following/workspace/install/lane_following/share/ament_index/resource_index
creating /home/nguyendat/Desktop/DA_RB_v_TTNT/github/Mobile_robot_lane_following/workspace/install/lane_following/share/ament_index/resource_index/packages
copying resource/lane_following -> /home/nguyendat/Desktop/DA_RB_v_TTNT/github/Mobile_robot_lane_following/workspace/install/lane_following/share/ament_index/resource_index/packages
copying package.xml -> /home/nguyendat/Desktop/DA_RB_v_TTNT/github/Mobile_robot_lane_following/workspace/install/lane_following/share/lane_following
creating /home/nguyendat/Desktop/DA_RB_v_TTNT/github/Mobile_robot_lane_following/workspace/install/lane_following/share/lane_following/FastSCNN
creating /home/nguyendat/Desktop/DA_RB_v_TTNT/github/Mobile_robot_lane_following/workspace/install/lane_following/share/lane_following/FastSCNN/weights
copying FastSCNN/weights/fast_scnn_best_weights.pth -> /home/nguyendat/Desktop/DA_RB_v_TTNT/github/Mobile_robot_lane_following/workspace/install/lane_following/share/lane_following/FastSCNN/weights
running install_egg_info
Copying ../../build/lane_following/lane_following.egg-info to /home/nguyendat/Desktop/DA_RB_v_TTNT/github/Mobile_robot_lane_following/workspace/install/lane_following/lib/python3.10/site-packages/lane_following-0.0.0-py3.10.egg-info
running install_scripts
Installing lane_detection script to /home/nguyendat/Desktop/DA_RB_v_TTNT/github/Mobile_robot_lane_following/workspace/install/lane_following/lib/lane_following
writing list of installed files to '/home/nguyendat/Desktop/DA_RB_v_TTNT/github/Mobile_robot_lane_following/workspace/build/lane_following/install.log'
