[1.065s] Invoking command in '/home/nguyendat/Desktop/DA_RB_v_TTNT/github/Mobile_robot_lane_following/workspace/src/lane_following': AMENT_PREFIX_PATH=/home/nguyendat/Desktop/DA_RB_v_TTNT/github/Mobile_robot_lane_following/workspace/install/type_msg:${AMENT_PREFIX_PATH} CMAKE_PREFIX_PATH=/home/nguyendat/Desktop/DA_RB_v_TTNT/github/Mobile_robot_lane_following/workspace/install/type_msg LD_LIBRARY_PATH=/home/nguyendat/Desktop/DA_RB_v_TTNT/github/Mobile_robot_lane_following/workspace/install/type_msg/lib:${LD_LIBRARY_PATH} PYTHONPATH=/home/nguyendat/Desktop/DA_RB_v_TTNT/github/Mobile_robot_lane_following/workspace/build/lane_following/prefix_override:/usr/lib/python3/dist-packages/colcon_core/task/python/colcon_distutils_commands:/home/nguyendat/Desktop/DA_RB_v_TTNT/github/Mobile_robot_lane_following/workspace/install/lane_following/lib/python3.10/site-packages:/home/nguyendat/Desktop/DA_RB_v_TTNT/github/Mobile_robot_lane_following/workspace/install/type_msg/local/lib/python3.10/dist-packages:${PYTHONPATH} /usr/bin/python3 -W ignore:setup.py install is deprecated -W ignore:easy_install command is deprecated setup.py egg_info --egg-base ../../build/lane_following build --build-base /home/nguyendat/Desktop/DA_RB_v_TTNT/github/Mobile_robot_lane_following/workspace/build/lane_following/build install --record /home/nguyendat/Desktop/DA_RB_v_TTNT/github/Mobile_robot_lane_following/workspace/build/lane_following/install.log --single-version-externally-managed install_data
[1.299s] running egg_info
[1.300s] creating ../../build/lane_following/lane_following.egg-info
[1.300s] writing ../../build/lane_following/lane_following.egg-info/PKG-INFO
[1.300s] writing dependency_links to ../../build/lane_following/lane_following.egg-info/dependency_links.txt
[1.300s] writing entry points to ../../build/lane_following/lane_following.egg-info/entry_points.txt
[1.300s] writing requirements to ../../build/lane_following/lane_following.egg-info/requires.txt
[1.300s] writing top-level names to ../../build/lane_following/lane_following.egg-info/top_level.txt
[1.301s] writing manifest file '../../build/lane_following/lane_following.egg-info/SOURCES.txt'
[1.302s] reading manifest file '../../build/lane_following/lane_following.egg-info/SOURCES.txt'
[1.303s] writing manifest file '../../build/lane_following/lane_following.egg-info/SOURCES.txt'
[1.303s] running build
[1.303s] running build_py
[1.304s] creating /home/nguyendat/Desktop/DA_RB_v_TTNT/github/Mobile_robot_lane_following/workspace/build/lane_following/build
[1.304s] creating /home/nguyendat/Desktop/DA_RB_v_TTNT/github/Mobile_robot_lane_following/workspace/build/lane_following/build/lib
[1.304s] creating /home/nguyendat/Desktop/DA_RB_v_TTNT/github/Mobile_robot_lane_following/workspace/build/lane_following/build/lib/lane_following
[1.304s] copying lane_following/__init__.py -> /home/nguyendat/Desktop/DA_RB_v_TTNT/github/Mobile_robot_lane_following/workspace/build/lane_following/build/lib/lane_following
[1.304s] copying lane_following/lane_detection.py -> /home/nguyendat/Desktop/DA_RB_v_TTNT/github/Mobile_robot_lane_following/workspace/build/lane_following/build/lib/lane_following
[1.304s] creating /home/nguyendat/Desktop/DA_RB_v_TTNT/github/Mobile_robot_lane_following/workspace/build/lane_following/build/lib/FastSCNN
[1.304s] copying FastSCNN/__init__.py -> /home/nguyendat/Desktop/DA_RB_v_TTNT/github/Mobile_robot_lane_following/workspace/build/lane_following/build/lib/FastSCNN
[1.304s] creating /home/nguyendat/Desktop/DA_RB_v_TTNT/github/Mobile_robot_lane_following/workspace/build/lane_following/build/lib/FastSCNN/models
[1.304s] copying FastSCNN/models/__init__.py -> /home/nguyendat/Desktop/DA_RB_v_TTNT/github/Mobile_robot_lane_following/workspace/build/lane_following/build/lib/FastSCNN/models
[1.304s] copying FastSCNN/models/FastSCNN.py -> /home/nguyendat/Desktop/DA_RB_v_TTNT/github/Mobile_robot_lane_following/workspace/build/lane_following/build/lib/FastSCNN/models
[1.304s] running install
[1.305s] running install_lib
[1.305s] creating /home/nguyendat/Desktop/DA_RB_v_TTNT/github/Mobile_robot_lane_following/workspace/install/lane_following/lib/python3.10/site-packages/lane_following
[1.305s] copying /home/nguyendat/Desktop/DA_RB_v_TTNT/github/Mobile_robot_lane_following/workspace/build/lane_following/build/lib/lane_following/__init__.py -> /home/nguyendat/Desktop/DA_RB_v_TTNT/github/Mobile_robot_lane_following/workspace/install/lane_following/lib/python3.10/site-packages/lane_following
[1.305s] copying /home/nguyendat/Desktop/DA_RB_v_TTNT/github/Mobile_robot_lane_following/workspace/build/lane_following/build/lib/lane_following/lane_detection.py -> /home/nguyendat/Desktop/DA_RB_v_TTNT/github/Mobile_robot_lane_following/workspace/install/lane_following/lib/python3.10/site-packages/lane_following
[1.305s] creating /home/nguyendat/Desktop/DA_RB_v_TTNT/github/Mobile_robot_lane_following/workspace/install/lane_following/lib/python3.10/site-packages/FastSCNN
[1.305s] creating /home/nguyendat/Desktop/DA_RB_v_TTNT/github/Mobile_robot_lane_following/workspace/install/lane_following/lib/python3.10/site-packages/FastSCNN/models
[1.305s] copying /home/nguyendat/Desktop/DA_RB_v_TTNT/github/Mobile_robot_lane_following/workspace/build/lane_following/build/lib/FastSCNN/models/__init__.py -> /home/nguyendat/Desktop/DA_RB_v_TTNT/github/Mobile_robot_lane_following/workspace/install/lane_following/lib/python3.10/site-packages/FastSCNN/models
[1.305s] copying /home/nguyendat/Desktop/DA_RB_v_TTNT/github/Mobile_robot_lane_following/workspace/build/lane_following/build/lib/FastSCNN/models/FastSCNN.py -> /home/nguyendat/Desktop/DA_RB_v_TTNT/github/Mobile_robot_lane_following/workspace/install/lane_following/lib/python3.10/site-packages/FastSCNN/models
[1.305s] copying /home/nguyendat/Desktop/DA_RB_v_TTNT/github/Mobile_robot_lane_following/workspace/build/lane_following/build/lib/FastSCNN/__init__.py -> /home/nguyendat/Desktop/DA_RB_v_TTNT/github/Mobile_robot_lane_following/workspace/install/lane_following/lib/python3.10/site-packages/FastSCNN
[1.306s] byte-compiling /home/nguyendat/Desktop/DA_RB_v_TTNT/github/Mobile_robot_lane_following/workspace/install/lane_following/lib/python3.10/site-packages/lane_following/__init__.py to __init__.cpython-310.pyc
[1.306s] byte-compiling /home/nguyendat/Desktop/DA_RB_v_TTNT/github/Mobile_robot_lane_following/workspace/install/lane_following/lib/python3.10/site-packages/lane_following/lane_detection.py to lane_detection.cpython-310.pyc
[1.308s] byte-compiling /home/nguyendat/Desktop/DA_RB_v_TTNT/github/Mobile_robot_lane_following/workspace/install/lane_following/lib/python3.10/site-packages/FastSCNN/models/__init__.py to __init__.cpython-310.pyc
[1.308s] byte-compiling /home/nguyendat/Desktop/DA_RB_v_TTNT/github/Mobile_robot_lane_following/workspace/install/lane_following/lib/python3.10/site-packages/FastSCNN/models/FastSCNN.py to FastSCNN.cpython-310.pyc
[1.309s] byte-compiling /home/nguyendat/Desktop/DA_RB_v_TTNT/github/Mobile_robot_lane_following/workspace/install/lane_following/lib/python3.10/site-packages/FastSCNN/__init__.py to __init__.cpython-310.pyc
[1.310s] running install_data
[1.310s] creating /home/nguyendat/Desktop/DA_RB_v_TTNT/github/Mobile_robot_lane_following/workspace/install/lane_following/share/ament_index
[1.310s] creating /home/nguyendat/Desktop/DA_RB_v_TTNT/github/Mobile_robot_lane_following/workspace/install/lane_following/share/ament_index/resource_index
[1.310s] creating /home/nguyendat/Desktop/DA_RB_v_TTNT/github/Mobile_robot_lane_following/workspace/install/lane_following/share/ament_index/resource_index/packages
[1.310s] copying resource/lane_following -> /home/nguyendat/Desktop/DA_RB_v_TTNT/github/Mobile_robot_lane_following/workspace/install/lane_following/share/ament_index/resource_index/packages
[1.310s] copying package.xml -> /home/nguyendat/Desktop/DA_RB_v_TTNT/github/Mobile_robot_lane_following/workspace/install/lane_following/share/lane_following
[1.310s] creating /home/nguyendat/Desktop/DA_RB_v_TTNT/github/Mobile_robot_lane_following/workspace/install/lane_following/share/lane_following/FastSCNN
[1.310s] creating /home/nguyendat/Desktop/DA_RB_v_TTNT/github/Mobile_robot_lane_following/workspace/install/lane_following/share/lane_following/FastSCNN/weights
[1.310s] copying FastSCNN/weights/fast_scnn_best_weights.pth -> /home/nguyendat/Desktop/DA_RB_v_TTNT/github/Mobile_robot_lane_following/workspace/install/lane_following/share/lane_following/FastSCNN/weights
[1.313s] running install_egg_info
[1.314s] Copying ../../build/lane_following/lane_following.egg-info to /home/nguyendat/Desktop/DA_RB_v_TTNT/github/Mobile_robot_lane_following/workspace/install/lane_following/lib/python3.10/site-packages/lane_following-0.0.0-py3.10.egg-info
[1.315s] running install_scripts
[1.333s] Installing lane_detection script to /home/nguyendat/Desktop/DA_RB_v_TTNT/github/Mobile_robot_lane_following/workspace/install/lane_following/lib/lane_following
[1.334s] writing list of installed files to '/home/nguyendat/Desktop/DA_RB_v_TTNT/github/Mobile_robot_lane_following/workspace/build/lane_following/install.log'
[1.369s] Invoked command in '/home/nguyendat/Desktop/DA_RB_v_TTNT/github/Mobile_robot_lane_following/workspace/src/lane_following' returned '0': AMENT_PREFIX_PATH=/home/nguyendat/Desktop/DA_RB_v_TTNT/github/Mobile_robot_lane_following/workspace/install/type_msg:${AMENT_PREFIX_PATH} CMAKE_PREFIX_PATH=/home/nguyendat/Desktop/DA_RB_v_TTNT/github/Mobile_robot_lane_following/workspace/install/type_msg LD_LIBRARY_PATH=/home/nguyendat/Desktop/DA_RB_v_TTNT/github/Mobile_robot_lane_following/workspace/install/type_msg/lib:${LD_LIBRARY_PATH} PYTHONPATH=/home/nguyendat/Desktop/DA_RB_v_TTNT/github/Mobile_robot_lane_following/workspace/build/lane_following/prefix_override:/usr/lib/python3/dist-packages/colcon_core/task/python/colcon_distutils_commands:/home/nguyendat/Desktop/DA_RB_v_TTNT/github/Mobile_robot_lane_following/workspace/install/lane_following/lib/python3.10/site-packages:/home/nguyendat/Desktop/DA_RB_v_TTNT/github/Mobile_robot_lane_following/workspace/install/type_msg/local/lib/python3.10/dist-packages:${PYTHONPATH} /usr/bin/python3 -W ignore:setup.py install is deprecated -W ignore:easy_install command is deprecated setup.py egg_info --egg-base ../../build/lane_following build --build-base /home/nguyendat/Desktop/DA_RB_v_TTNT/github/Mobile_robot_lane_following/workspace/build/lane_following/build install --record /home/nguyendat/Desktop/DA_RB_v_TTNT/github/Mobile_robot_lane_following/workspace/build/lane_following/install.log --single-version-externally-managed install_data
