[1.064s] Invoking command in '/home/nguyendat/Desktop/DA_RB_v_TTNT/github/Mobile_robot_lane_following/workspace/src/raspberry_brigde': AMENT_PREFIX_PATH=/home/nguyendat/Desktop/DA_RB_v_TTNT/github/Mobile_robot_lane_following/workspace/install/type_msg:${AMENT_PREFIX_PATH} CMAKE_PREFIX_PATH=/home/nguyendat/Desktop/DA_RB_v_TTNT/github/Mobile_robot_lane_following/workspace/install/type_msg LD_LIBRARY_PATH=/home/nguyendat/Desktop/DA_RB_v_TTNT/github/Mobile_robot_lane_following/workspace/install/type_msg/lib:${LD_LIBRARY_PATH} PYTHONPATH=/home/nguyendat/Desktop/DA_RB_v_TTNT/github/Mobile_robot_lane_following/workspace/build/raspberry_brigde/prefix_override:/usr/lib/python3/dist-packages/colcon_core/task/python/colcon_distutils_commands:/home/nguyendat/Desktop/DA_RB_v_TTNT/github/Mobile_robot_lane_following/workspace/install/raspberry_brigde/lib/python3.10/site-packages:/home/nguyendat/Desktop/DA_RB_v_TTNT/github/Mobile_robot_lane_following/workspace/install/type_msg/local/lib/python3.10/dist-packages:${PYTHONPATH} /usr/bin/python3 -W ignore:setup.py install is deprecated -W ignore:easy_install command is deprecated setup.py egg_info --egg-base ../../build/raspberry_brigde build --build-base /home/nguyendat/Desktop/DA_RB_v_TTNT/github/Mobile_robot_lane_following/workspace/build/raspberry_brigde/build install --record /home/nguyendat/Desktop/DA_RB_v_TTNT/github/Mobile_robot_lane_following/workspace/build/raspberry_brigde/install.log --single-version-externally-managed install_data
[1.305s] running egg_info
[1.306s] creating ../../build/raspberry_brigde/raspberry_brigde.egg-info
[1.306s] writing ../../build/raspberry_brigde/raspberry_brigde.egg-info/PKG-INFO
[1.306s] writing dependency_links to ../../build/raspberry_brigde/raspberry_brigde.egg-info/dependency_links.txt
[1.307s] writing entry points to ../../build/raspberry_brigde/raspberry_brigde.egg-info/entry_points.txt
[1.307s] writing requirements to ../../build/raspberry_brigde/raspberry_brigde.egg-info/requires.txt
[1.307s] writing top-level names to ../../build/raspberry_brigde/raspberry_brigde.egg-info/top_level.txt
[1.307s] writing manifest file '../../build/raspberry_brigde/raspberry_brigde.egg-info/SOURCES.txt'
[1.308s] reading manifest file '../../build/raspberry_brigde/raspberry_brigde.egg-info/SOURCES.txt'
[1.309s] writing manifest file '../../build/raspberry_brigde/raspberry_brigde.egg-info/SOURCES.txt'
[1.309s] running build
[1.309s] running build_py
[1.309s] creating /home/nguyendat/Desktop/DA_RB_v_TTNT/github/Mobile_robot_lane_following/workspace/build/raspberry_brigde/build
[1.309s] creating /home/nguyendat/Desktop/DA_RB_v_TTNT/github/Mobile_robot_lane_following/workspace/build/raspberry_brigde/build/lib
[1.309s] creating /home/nguyendat/Desktop/DA_RB_v_TTNT/github/Mobile_robot_lane_following/workspace/build/raspberry_brigde/build/lib/raspberry_brigde
[1.309s] copying raspberry_brigde/send_signal_control.py -> /home/nguyendat/Desktop/DA_RB_v_TTNT/github/Mobile_robot_lane_following/workspace/build/raspberry_brigde/build/lib/raspberry_brigde
[1.310s] copying raspberry_brigde/__init__.py -> /home/nguyendat/Desktop/DA_RB_v_TTNT/github/Mobile_robot_lane_following/workspace/build/raspberry_brigde/build/lib/raspberry_brigde
[1.310s] copying raspberry_brigde/get_image.py -> /home/nguyendat/Desktop/DA_RB_v_TTNT/github/Mobile_robot_lane_following/workspace/build/raspberry_brigde/build/lib/raspberry_brigde
[1.310s] copying raspberry_brigde/PID.py -> /home/nguyendat/Desktop/DA_RB_v_TTNT/github/Mobile_robot_lane_following/workspace/build/raspberry_brigde/build/lib/raspberry_brigde
[1.310s] running install
[1.310s] running install_lib
[1.311s] creating /home/nguyendat/Desktop/DA_RB_v_TTNT/github/Mobile_robot_lane_following/workspace/install/raspberry_brigde/lib/python3.10/site-packages/raspberry_brigde
[1.311s] copying /home/nguyendat/Desktop/DA_RB_v_TTNT/github/Mobile_robot_lane_following/workspace/build/raspberry_brigde/build/lib/raspberry_brigde/send_signal_control.py -> /home/nguyendat/Desktop/DA_RB_v_TTNT/github/Mobile_robot_lane_following/workspace/install/raspberry_brigde/lib/python3.10/site-packages/raspberry_brigde
[1.311s] copying /home/nguyendat/Desktop/DA_RB_v_TTNT/github/Mobile_robot_lane_following/workspace/build/raspberry_brigde/build/lib/raspberry_brigde/__init__.py -> /home/nguyendat/Desktop/DA_RB_v_TTNT/github/Mobile_robot_lane_following/workspace/install/raspberry_brigde/lib/python3.10/site-packages/raspberry_brigde
[1.311s] copying /home/nguyendat/Desktop/DA_RB_v_TTNT/github/Mobile_robot_lane_following/workspace/build/raspberry_brigde/build/lib/raspberry_brigde/get_image.py -> /home/nguyendat/Desktop/DA_RB_v_TTNT/github/Mobile_robot_lane_following/workspace/install/raspberry_brigde/lib/python3.10/site-packages/raspberry_brigde
[1.311s] copying /home/nguyendat/Desktop/DA_RB_v_TTNT/github/Mobile_robot_lane_following/workspace/build/raspberry_brigde/build/lib/raspberry_brigde/PID.py -> /home/nguyendat/Desktop/DA_RB_v_TTNT/github/Mobile_robot_lane_following/workspace/install/raspberry_brigde/lib/python3.10/site-packages/raspberry_brigde
[1.312s] byte-compiling /home/nguyendat/Desktop/DA_RB_v_TTNT/github/Mobile_robot_lane_following/workspace/install/raspberry_brigde/lib/python3.10/site-packages/raspberry_brigde/send_signal_control.py to send_signal_control.cpython-310.pyc
[1.313s] byte-compiling /home/nguyendat/Desktop/DA_RB_v_TTNT/github/Mobile_robot_lane_following/workspace/install/raspberry_brigde/lib/python3.10/site-packages/raspberry_brigde/__init__.py to __init__.cpython-310.pyc
[1.313s] byte-compiling /home/nguyendat/Desktop/DA_RB_v_TTNT/github/Mobile_robot_lane_following/workspace/install/raspberry_brigde/lib/python3.10/site-packages/raspberry_brigde/get_image.py to get_image.cpython-310.pyc
[1.313s] byte-compiling /home/nguyendat/Desktop/DA_RB_v_TTNT/github/Mobile_robot_lane_following/workspace/install/raspberry_brigde/lib/python3.10/site-packages/raspberry_brigde/PID.py to PID.cpython-310.pyc
[1.313s] running install_data
[1.314s] creating /home/nguyendat/Desktop/DA_RB_v_TTNT/github/Mobile_robot_lane_following/workspace/install/raspberry_brigde/share/ament_index
[1.314s] creating /home/nguyendat/Desktop/DA_RB_v_TTNT/github/Mobile_robot_lane_following/workspace/install/raspberry_brigde/share/ament_index/resource_index
[1.314s] creating /home/nguyendat/Desktop/DA_RB_v_TTNT/github/Mobile_robot_lane_following/workspace/install/raspberry_brigde/share/ament_index/resource_index/packages
[1.314s] copying resource/raspberry_brigde -> /home/nguyendat/Desktop/DA_RB_v_TTNT/github/Mobile_robot_lane_following/workspace/install/raspberry_brigde/share/ament_index/resource_index/packages
[1.314s] copying package.xml -> /home/nguyendat/Desktop/DA_RB_v_TTNT/github/Mobile_robot_lane_following/workspace/install/raspberry_brigde/share/raspberry_brigde
[1.314s] running install_egg_info
[1.315s] Copying ../../build/raspberry_brigde/raspberry_brigde.egg-info to /home/nguyendat/Desktop/DA_RB_v_TTNT/github/Mobile_robot_lane_following/workspace/install/raspberry_brigde/lib/python3.10/site-packages/raspberry_brigde-0.0.0-py3.10.egg-info
[1.316s] running install_scripts
[1.335s] Installing get_image script to /home/nguyendat/Desktop/DA_RB_v_TTNT/github/Mobile_robot_lane_following/workspace/install/raspberry_brigde/lib/raspberry_brigde
[1.336s] Installing send_signal_control script to /home/nguyendat/Desktop/DA_RB_v_TTNT/github/Mobile_robot_lane_following/workspace/install/raspberry_brigde/lib/raspberry_brigde
[1.336s] writing list of installed files to '/home/nguyendat/Desktop/DA_RB_v_TTNT/github/Mobile_robot_lane_following/workspace/build/raspberry_brigde/install.log'
[1.368s] Invoked command in '/home/nguyendat/Desktop/DA_RB_v_TTNT/github/Mobile_robot_lane_following/workspace/src/raspberry_brigde' returned '0': AMENT_PREFIX_PATH=/home/nguyendat/Desktop/DA_RB_v_TTNT/github/Mobile_robot_lane_following/workspace/install/type_msg:${AMENT_PREFIX_PATH} CMAKE_PREFIX_PATH=/home/nguyendat/Desktop/DA_RB_v_TTNT/github/Mobile_robot_lane_following/workspace/install/type_msg LD_LIBRARY_PATH=/home/nguyendat/Desktop/DA_RB_v_TTNT/github/Mobile_robot_lane_following/workspace/install/type_msg/lib:${LD_LIBRARY_PATH} PYTHONPATH=/home/nguyendat/Desktop/DA_RB_v_TTNT/github/Mobile_robot_lane_following/workspace/build/raspberry_brigde/prefix_override:/usr/lib/python3/dist-packages/colcon_core/task/python/colcon_distutils_commands:/home/nguyendat/Desktop/DA_RB_v_TTNT/github/Mobile_robot_lane_following/workspace/install/raspberry_brigde/lib/python3.10/site-packages:/home/nguyendat/Desktop/DA_RB_v_TTNT/github/Mobile_robot_lane_following/workspace/install/type_msg/local/lib/python3.10/dist-packages:${PYTHONPATH} /usr/bin/python3 -W ignore:setup.py install is deprecated -W ignore:easy_install command is deprecated setup.py egg_info --egg-base ../../build/raspberry_brigde build --build-base /home/nguyendat/Desktop/DA_RB_v_TTNT/github/Mobile_robot_lane_following/workspace/build/raspberry_brigde/build install --record /home/nguyendat/Desktop/DA_RB_v_TTNT/github/Mobile_robot_lane_following/workspace/build/raspberry_brigde/install.log --single-version-externally-managed install_data
