running egg_info
writing ../../build/lane_following/lane_following.egg-info/PKG-INFO
writing dependency_links to ../../build/lane_following/lane_following.egg-info/dependency_links.txt
writing entry points to ../../build/lane_following/lane_following.egg-info/entry_points.txt
writing requirements to ../../build/lane_following/lane_following.egg-info/requires.txt
writing top-level names to ../../build/lane_following/lane_following.egg-info/top_level.txt
reading manifest file '../../build/lane_following/lane_following.egg-info/SOURCES.txt'
writing manifest file '../../build/lane_following/lane_following.egg-info/SOURCES.txt'
running build
running build_py
copying lane_following/lane_detection.py -> /home/nguyendat/Desktop/DA_RB_v_TTNT/github/Mobile_robot_lane_following/workspace/build/lane_following/build/lib/lane_following
running install
running install_lib
copying /home/nguyendat/Desktop/DA_RB_v_TTNT/github/Mobile_robot_lane_following/workspace/build/lane_following/build/lib/lane_following/lane_detection.py -> /home/nguyendat/Desktop/DA_RB_v_TTNT/github/Mobile_robot_lane_following/workspace/install/lane_following/lib/python3.10/site-packages/lane_following
byte-compiling /home/nguyendat/Desktop/DA_RB_v_TTNT/github/Mobile_robot_lane_following/workspace/install/lane_following/lib/python3.10/site-packages/lane_following/lane_detection.py to lane_detection.cpython-310.pyc
running install_data
running install_egg_info
removing '/home/nguyendat/Desktop/DA_RB_v_TTNT/github/Mobile_robot_lane_following/workspace/install/lane_following/lib/python3.10/site-packages/lane_following-0.0.0-py3.10.egg-info' (and everything under it)
Copying ../../build/lane_following/lane_following.egg-info to /home/nguyendat/Desktop/DA_RB_v_TTNT/github/Mobile_robot_lane_following/workspace/install/lane_following/lib/python3.10/site-packages/lane_following-0.0.0-py3.10.egg-info
running install_scripts
Installing lane_detection script to /home/nguyendat/Desktop/DA_RB_v_TTNT/github/Mobile_robot_lane_following/workspace/install/lane_following/lib/lane_following
writing list of installed files to '/home/nguyendat/Desktop/DA_RB_v_TTNT/github/Mobile_robot_lane_following/workspace/build/lane_following/install.log'
