[0.008s] Invoking command in '/home/nguyendat/Desktop/DA_RB_v_TTNT/github/Mobile_robot_lane_following/workspace/build/type_msg': CMAKE_PREFIX_PATH=${CMAKE_PREFIX_PATH}:/home/nguyendat/Desktop/DA_RB_v_TTNT/github/Mobile_robot_lane_following/workspace/install/raspberry_brigde:/home/nguyendat/Desktop/DA_RB_v_TTNT/github/Mobile_robot_lane_following/workspace/install/obstacle_detection:/home/nguyendat/Desktop/DA_RB_v_TTNT/github/Mobile_robot_lane_following/workspace/install/lane_following:/opt/ros/humble /usr/bin/cmake --build /home/nguyendat/Desktop/DA_RB_v_TTNT/github/Mobile_robot_lane_following/workspace/build/type_msg -- -j12 -l12
[0.045s] [  2%] Built target type_msg__cpp
[0.045s] [ 12%] Built target type_msg__rosidl_generator_c
[0.052s] [ 12%] Built target ament_cmake_python_copy_type_msg
[0.062s] [ 33%] Built target type_msg__rosidl_typesupport_fastrtps_cpp
[0.062s] [ 33%] Built target type_msg__rosidl_typesupport_introspection_cpp
[0.064s] [ 43%] Built target type_msg__rosidl_typesupport_cpp
[0.069s] [ 74%] Built target type_msg__rosidl_typesupport_fastrtps_c
[0.069s] [ 74%] Built target type_msg__rosidl_typesupport_introspection_c
[0.069s] [ 74%] Built target type_msg__rosidl_typesupport_c
[0.083s] [ 74%] Built target type_msg
[0.098s] [ 76%] Built target type_msg__py
[0.114s] [ 84%] Built target type_msg__rosidl_generator_py
[0.130s] [100%] Built target type_msg__rosidl_typesupport_c__pyext
[0.130s] [100%] Built target type_msg__rosidl_typesupport_introspection_c__pyext
[0.130s] [100%] Built target type_msg__rosidl_typesupport_fastrtps_c__pyext
[0.287s] running egg_info
[0.287s] writing type_msg.egg-info/PKG-INFO
[0.288s] writing dependency_links to type_msg.egg-info/dependency_links.txt
[0.288s] writing top-level names to type_msg.egg-info/top_level.txt
[0.289s] reading manifest file 'type_msg.egg-info/SOURCES.txt'
[0.290s] writing manifest file 'type_msg.egg-info/SOURCES.txt'
[0.308s] [100%] Built target ament_cmake_python_build_type_msg_egg
[0.317s] Invoked command in '/home/nguyendat/Desktop/DA_RB_v_TTNT/github/Mobile_robot_lane_following/workspace/build/type_msg' returned '0': CMAKE_PREFIX_PATH=${CMAKE_PREFIX_PATH}:/home/nguyendat/Desktop/DA_RB_v_TTNT/github/Mobile_robot_lane_following/workspace/install/raspberry_brigde:/home/nguyendat/Desktop/DA_RB_v_TTNT/github/Mobile_robot_lane_following/workspace/install/obstacle_detection:/home/nguyendat/Desktop/DA_RB_v_TTNT/github/Mobile_robot_lane_following/workspace/install/lane_following:/opt/ros/humble /usr/bin/cmake --build /home/nguyendat/Desktop/DA_RB_v_TTNT/github/Mobile_robot_lane_following/workspace/build/type_msg -- -j12 -l12
[0.323s] Invoking command in '/home/nguyendat/Desktop/DA_RB_v_TTNT/github/Mobile_robot_lane_following/workspace/build/type_msg': CMAKE_PREFIX_PATH=${CMAKE_PREFIX_PATH}:/home/nguyendat/Desktop/DA_RB_v_TTNT/github/Mobile_robot_lane_following/workspace/install/raspberry_brigde:/home/nguyendat/Desktop/DA_RB_v_TTNT/github/Mobile_robot_lane_following/workspace/install/obstacle_detection:/home/nguyendat/Desktop/DA_RB_v_TTNT/github/Mobile_robot_lane_following/workspace/install/lane_following:/opt/ros/humble /usr/bin/cmake --install /home/nguyendat/Desktop/DA_RB_v_TTNT/github/Mobile_robot_lane_following/workspace/build/type_msg
[0.329s] -- Install configuration: ""
[0.329s] -- Up-to-date: /home/nguyendat/Desktop/DA_RB_v_TTNT/github/Mobile_robot_lane_following/workspace/install/type_msg/share/ament_index/resource_index/rosidl_interfaces/type_msg
[0.329s] -- Up-to-date: /home/nguyendat/Desktop/DA_RB_v_TTNT/github/Mobile_robot_lane_following/workspace/install/type_msg/include/type_msg/type_msg
[0.330s] -- Up-to-date: /home/nguyendat/Desktop/DA_RB_v_TTNT/github/Mobile_robot_lane_following/workspace/install/type_msg/include/type_msg/type_msg/msg
[0.330s] -- Up-to-date: /home/nguyendat/Desktop/DA_RB_v_TTNT/github/Mobile_robot_lane_following/workspace/install/type_msg/include/type_msg/type_msg/msg/detail
[0.330s] -- Up-to-date: /home/nguyendat/Desktop/DA_RB_v_TTNT/github/Mobile_robot_lane_following/workspace/install/type_msg/include/type_msg/type_msg/msg/detail/signal_control__struct.h
[0.330s] -- Up-to-date: /home/nguyendat/Desktop/DA_RB_v_TTNT/github/Mobile_robot_lane_following/workspace/install/type_msg/include/type_msg/type_msg/msg/detail/offset_angle__struct.h
[0.330s] -- Up-to-date: /home/nguyendat/Desktop/DA_RB_v_TTNT/github/Mobile_robot_lane_following/workspace/install/type_msg/include/type_msg/type_msg/msg/detail/offset_angle__functions.c
[0.330s] -- Up-to-date: /home/nguyendat/Desktop/DA_RB_v_TTNT/github/Mobile_robot_lane_following/workspace/install/type_msg/include/type_msg/type_msg/msg/detail/signal_control__functions.c
[0.330s] -- Up-to-date: /home/nguyendat/Desktop/DA_RB_v_TTNT/github/Mobile_robot_lane_following/workspace/install/type_msg/include/type_msg/type_msg/msg/detail/offset_angle__functions.h
[0.330s] -- Up-to-date: /home/nguyendat/Desktop/DA_RB_v_TTNT/github/Mobile_robot_lane_following/workspace/install/type_msg/include/type_msg/type_msg/msg/detail/signal_control__functions.h
[0.330s] -- Up-to-date: /home/nguyendat/Desktop/DA_RB_v_TTNT/github/Mobile_robot_lane_following/workspace/install/type_msg/include/type_msg/type_msg/msg/detail/signal_control__type_support.h
[0.330s] -- Up-to-date: /home/nguyendat/Desktop/DA_RB_v_TTNT/github/Mobile_robot_lane_following/workspace/install/type_msg/include/type_msg/type_msg/msg/detail/offset_angle__type_support.h
[0.330s] -- Up-to-date: /home/nguyendat/Desktop/DA_RB_v_TTNT/github/Mobile_robot_lane_following/workspace/install/type_msg/include/type_msg/type_msg/msg/offset_angle.h
[0.330s] -- Up-to-date: /home/nguyendat/Desktop/DA_RB_v_TTNT/github/Mobile_robot_lane_following/workspace/install/type_msg/include/type_msg/type_msg/msg/rosidl_generator_c__visibility_control.h
[0.330s] -- Up-to-date: /home/nguyendat/Desktop/DA_RB_v_TTNT/github/Mobile_robot_lane_following/workspace/install/type_msg/include/type_msg/type_msg/msg/signal_control.h
[0.330s] -- Up-to-date: /home/nguyendat/Desktop/DA_RB_v_TTNT/github/Mobile_robot_lane_following/workspace/install/type_msg/share/type_msg/environment/library_path.sh
[0.331s] -- Up-to-date: /home/nguyendat/Desktop/DA_RB_v_TTNT/github/Mobile_robot_lane_following/workspace/install/type_msg/share/type_msg/environment/library_path.dsv
[0.331s] -- Up-to-date: /home/nguyendat/Desktop/DA_RB_v_TTNT/github/Mobile_robot_lane_following/workspace/install/type_msg/lib/libtype_msg__rosidl_generator_c.so
[0.331s] -- Up-to-date: /home/nguyendat/Desktop/DA_RB_v_TTNT/github/Mobile_robot_lane_following/workspace/install/type_msg/include/type_msg/type_msg
[0.331s] -- Up-to-date: /home/nguyendat/Desktop/DA_RB_v_TTNT/github/Mobile_robot_lane_following/workspace/install/type_msg/include/type_msg/type_msg/msg
[0.331s] -- Up-to-date: /home/nguyendat/Desktop/DA_RB_v_TTNT/github/Mobile_robot_lane_following/workspace/install/type_msg/include/type_msg/type_msg/msg/detail
[0.331s] -- Up-to-date: /home/nguyendat/Desktop/DA_RB_v_TTNT/github/Mobile_robot_lane_following/workspace/install/type_msg/include/type_msg/type_msg/msg/detail/offset_angle__rosidl_typesupport_fastrtps_c.h
[0.331s] -- Up-to-date: /home/nguyendat/Desktop/DA_RB_v_TTNT/github/Mobile_robot_lane_following/workspace/install/type_msg/include/type_msg/type_msg/msg/detail/signal_control__rosidl_typesupport_fastrtps_c.h
[0.331s] -- Up-to-date: /home/nguyendat/Desktop/DA_RB_v_TTNT/github/Mobile_robot_lane_following/workspace/install/type_msg/include/type_msg/type_msg/msg/rosidl_typesupport_fastrtps_c__visibility_control.h
[0.331s] -- Up-to-date: /home/nguyendat/Desktop/DA_RB_v_TTNT/github/Mobile_robot_lane_following/workspace/install/type_msg/lib/libtype_msg__rosidl_typesupport_fastrtps_c.so
[0.331s] -- Up-to-date: /home/nguyendat/Desktop/DA_RB_v_TTNT/github/Mobile_robot_lane_following/workspace/install/type_msg/include/type_msg/type_msg
[0.331s] -- Up-to-date: /home/nguyendat/Desktop/DA_RB_v_TTNT/github/Mobile_robot_lane_following/workspace/install/type_msg/include/type_msg/type_msg/msg
[0.331s] -- Up-to-date: /home/nguyendat/Desktop/DA_RB_v_TTNT/github/Mobile_robot_lane_following/workspace/install/type_msg/include/type_msg/type_msg/msg/detail
[0.331s] -- Up-to-date: /home/nguyendat/Desktop/DA_RB_v_TTNT/github/Mobile_robot_lane_following/workspace/install/type_msg/include/type_msg/type_msg/msg/detail/signal_control__type_support.c
[0.331s] -- Up-to-date: /home/nguyendat/Desktop/DA_RB_v_TTNT/github/Mobile_robot_lane_following/workspace/install/type_msg/include/type_msg/type_msg/msg/detail/offset_angle__type_support.c
[0.331s] -- Up-to-date: /home/nguyendat/Desktop/DA_RB_v_TTNT/github/Mobile_robot_lane_following/workspace/install/type_msg/include/type_msg/type_msg/msg/detail/signal_control__rosidl_typesupport_introspection_c.h
[0.331s] -- Up-to-date: /home/nguyendat/Desktop/DA_RB_v_TTNT/github/Mobile_robot_lane_following/workspace/install/type_msg/include/type_msg/type_msg/msg/detail/offset_angle__rosidl_typesupport_introspection_c.h
[0.332s] -- Up-to-date: /home/nguyendat/Desktop/DA_RB_v_TTNT/github/Mobile_robot_lane_following/workspace/install/type_msg/include/type_msg/type_msg/msg/rosidl_typesupport_introspection_c__visibility_control.h
[0.332s] -- Up-to-date: /home/nguyendat/Desktop/DA_RB_v_TTNT/github/Mobile_robot_lane_following/workspace/install/type_msg/lib/libtype_msg__rosidl_typesupport_introspection_c.so
[0.332s] -- Up-to-date: /home/nguyendat/Desktop/DA_RB_v_TTNT/github/Mobile_robot_lane_following/workspace/install/type_msg/lib/libtype_msg__rosidl_typesupport_c.so
[0.332s] -- Up-to-date: /home/nguyendat/Desktop/DA_RB_v_TTNT/github/Mobile_robot_lane_following/workspace/install/type_msg/include/type_msg/type_msg
[0.332s] -- Up-to-date: /home/nguyendat/Desktop/DA_RB_v_TTNT/github/Mobile_robot_lane_following/workspace/install/type_msg/include/type_msg/type_msg/msg
[0.332s] -- Up-to-date: /home/nguyendat/Desktop/DA_RB_v_TTNT/github/Mobile_robot_lane_following/workspace/install/type_msg/include/type_msg/type_msg/msg/detail
[0.332s] -- Up-to-date: /home/nguyendat/Desktop/DA_RB_v_TTNT/github/Mobile_robot_lane_following/workspace/install/type_msg/include/type_msg/type_msg/msg/detail/offset_angle__builder.hpp
[0.332s] -- Up-to-date: /home/nguyendat/Desktop/DA_RB_v_TTNT/github/Mobile_robot_lane_following/workspace/install/type_msg/include/type_msg/type_msg/msg/detail/signal_control__builder.hpp
[0.332s] -- Up-to-date: /home/nguyendat/Desktop/DA_RB_v_TTNT/github/Mobile_robot_lane_following/workspace/install/type_msg/include/type_msg/type_msg/msg/detail/signal_control__struct.hpp
[0.332s] -- Up-to-date: /home/nguyendat/Desktop/DA_RB_v_TTNT/github/Mobile_robot_lane_following/workspace/install/type_msg/include/type_msg/type_msg/msg/detail/signal_control__type_support.hpp
[0.332s] -- Up-to-date: /home/nguyendat/Desktop/DA_RB_v_TTNT/github/Mobile_robot_lane_following/workspace/install/type_msg/include/type_msg/type_msg/msg/detail/offset_angle__struct.hpp
[0.332s] -- Up-to-date: /home/nguyendat/Desktop/DA_RB_v_TTNT/github/Mobile_robot_lane_following/workspace/install/type_msg/include/type_msg/type_msg/msg/detail/signal_control__traits.hpp
[0.332s] -- Up-to-date: /home/nguyendat/Desktop/DA_RB_v_TTNT/github/Mobile_robot_lane_following/workspace/install/type_msg/include/type_msg/type_msg/msg/detail/offset_angle__type_support.hpp
[0.332s] -- Up-to-date: /home/nguyendat/Desktop/DA_RB_v_TTNT/github/Mobile_robot_lane_following/workspace/install/type_msg/include/type_msg/type_msg/msg/detail/offset_angle__traits.hpp
[0.333s] -- Up-to-date: /home/nguyendat/Desktop/DA_RB_v_TTNT/github/Mobile_robot_lane_following/workspace/install/type_msg/include/type_msg/type_msg/msg/rosidl_generator_cpp__visibility_control.hpp
[0.333s] -- Up-to-date: /home/nguyendat/Desktop/DA_RB_v_TTNT/github/Mobile_robot_lane_following/workspace/install/type_msg/include/type_msg/type_msg/msg/offset_angle.hpp
[0.333s] -- Up-to-date: /home/nguyendat/Desktop/DA_RB_v_TTNT/github/Mobile_robot_lane_following/workspace/install/type_msg/include/type_msg/type_msg/msg/signal_control.hpp
[0.333s] -- Up-to-date: /home/nguyendat/Desktop/DA_RB_v_TTNT/github/Mobile_robot_lane_following/workspace/install/type_msg/include/type_msg/type_msg
[0.333s] -- Up-to-date: /home/nguyendat/Desktop/DA_RB_v_TTNT/github/Mobile_robot_lane_following/workspace/install/type_msg/include/type_msg/type_msg/msg
[0.333s] -- Up-to-date: /home/nguyendat/Desktop/DA_RB_v_TTNT/github/Mobile_robot_lane_following/workspace/install/type_msg/include/type_msg/type_msg/msg/detail
[0.333s] -- Up-to-date: /home/nguyendat/Desktop/DA_RB_v_TTNT/github/Mobile_robot_lane_following/workspace/install/type_msg/include/type_msg/type_msg/msg/detail/signal_control__rosidl_typesupport_fastrtps_cpp.hpp
[0.333s] -- Up-to-date: /home/nguyendat/Desktop/DA_RB_v_TTNT/github/Mobile_robot_lane_following/workspace/install/type_msg/include/type_msg/type_msg/msg/detail/dds_fastrtps
[0.333s] -- Up-to-date: /home/nguyendat/Desktop/DA_RB_v_TTNT/github/Mobile_robot_lane_following/workspace/install/type_msg/include/type_msg/type_msg/msg/detail/offset_angle__rosidl_typesupport_fastrtps_cpp.hpp
[0.333s] -- Up-to-date: /home/nguyendat/Desktop/DA_RB_v_TTNT/github/Mobile_robot_lane_following/workspace/install/type_msg/include/type_msg/type_msg/msg/rosidl_typesupport_fastrtps_cpp__visibility_control.h
[0.333s] -- Up-to-date: /home/nguyendat/Desktop/DA_RB_v_TTNT/github/Mobile_robot_lane_following/workspace/install/type_msg/lib/libtype_msg__rosidl_typesupport_fastrtps_cpp.so
[0.333s] -- Up-to-date: /home/nguyendat/Desktop/DA_RB_v_TTNT/github/Mobile_robot_lane_following/workspace/install/type_msg/include/type_msg/type_msg
[0.333s] -- Up-to-date: /home/nguyendat/Desktop/DA_RB_v_TTNT/github/Mobile_robot_lane_following/workspace/install/type_msg/include/type_msg/type_msg/msg
[0.333s] -- Up-to-date: /home/nguyendat/Desktop/DA_RB_v_TTNT/github/Mobile_robot_lane_following/workspace/install/type_msg/include/type_msg/type_msg/msg/detail
[0.333s] -- Up-to-date: /home/nguyendat/Desktop/DA_RB_v_TTNT/github/Mobile_robot_lane_following/workspace/install/type_msg/include/type_msg/type_msg/msg/detail/signal_control__type_support.cpp
[0.334s] -- Up-to-date: /home/nguyendat/Desktop/DA_RB_v_TTNT/github/Mobile_robot_lane_following/workspace/install/type_msg/include/type_msg/type_msg/msg/detail/offset_angle__type_support.cpp
[0.334s] -- Up-to-date: /home/nguyendat/Desktop/DA_RB_v_TTNT/github/Mobile_robot_lane_following/workspace/install/type_msg/include/type_msg/type_msg/msg/detail/offset_angle__rosidl_typesupport_introspection_cpp.hpp
[0.334s] -- Up-to-date: /home/nguyendat/Desktop/DA_RB_v_TTNT/github/Mobile_robot_lane_following/workspace/install/type_msg/include/type_msg/type_msg/msg/detail/signal_control__rosidl_typesupport_introspection_cpp.hpp
[0.334s] -- Up-to-date: /home/nguyendat/Desktop/DA_RB_v_TTNT/github/Mobile_robot_lane_following/workspace/install/type_msg/lib/libtype_msg__rosidl_typesupport_introspection_cpp.so
[0.334s] -- Up-to-date: /home/nguyendat/Desktop/DA_RB_v_TTNT/github/Mobile_robot_lane_following/workspace/install/type_msg/lib/libtype_msg__rosidl_typesupport_cpp.so
[0.334s] -- Up-to-date: /home/nguyendat/Desktop/DA_RB_v_TTNT/github/Mobile_robot_lane_following/workspace/install/type_msg/share/type_msg/environment/pythonpath.sh
[0.334s] -- Up-to-date: /home/nguyendat/Desktop/DA_RB_v_TTNT/github/Mobile_robot_lane_following/workspace/install/type_msg/share/type_msg/environment/pythonpath.dsv
[0.334s] -- Up-to-date: /home/nguyendat/Desktop/DA_RB_v_TTNT/github/Mobile_robot_lane_following/workspace/install/type_msg/local/lib/python3.10/dist-packages/type_msg-0.0.0-py3.10.egg-info
[0.334s] -- Installing: /home/nguyendat/Desktop/DA_RB_v_TTNT/github/Mobile_robot_lane_following/workspace/install/type_msg/local/lib/python3.10/dist-packages/type_msg-0.0.0-py3.10.egg-info/SOURCES.txt
[0.334s] -- Installing: /home/nguyendat/Desktop/DA_RB_v_TTNT/github/Mobile_robot_lane_following/workspace/install/type_msg/local/lib/python3.10/dist-packages/type_msg-0.0.0-py3.10.egg-info/top_level.txt
[0.334s] -- Installing: /home/nguyendat/Desktop/DA_RB_v_TTNT/github/Mobile_robot_lane_following/workspace/install/type_msg/local/lib/python3.10/dist-packages/type_msg-0.0.0-py3.10.egg-info/dependency_links.txt
[0.334s] -- Installing: /home/nguyendat/Desktop/DA_RB_v_TTNT/github/Mobile_robot_lane_following/workspace/install/type_msg/local/lib/python3.10/dist-packages/type_msg-0.0.0-py3.10.egg-info/PKG-INFO
[0.334s] -- Up-to-date: /home/nguyendat/Desktop/DA_RB_v_TTNT/github/Mobile_robot_lane_following/workspace/install/type_msg/local/lib/python3.10/dist-packages/type_msg
[0.334s] -- Up-to-date: /home/nguyendat/Desktop/DA_RB_v_TTNT/github/Mobile_robot_lane_following/workspace/install/type_msg/local/lib/python3.10/dist-packages/type_msg/libtype_msg__rosidl_generator_py.so
[0.334s] -- Up-to-date: /home/nguyendat/Desktop/DA_RB_v_TTNT/github/Mobile_robot_lane_following/workspace/install/type_msg/local/lib/python3.10/dist-packages/type_msg/type_msg_s__rosidl_typesupport_c.cpython-310-x86_64-linux-gnu.so
[0.334s] -- Up-to-date: /home/nguyendat/Desktop/DA_RB_v_TTNT/github/Mobile_robot_lane_following/workspace/install/type_msg/local/lib/python3.10/dist-packages/type_msg/_type_msg_s.ep.rosidl_typesupport_fastrtps_c.c
[0.335s] -- Up-to-date: /home/nguyendat/Desktop/DA_RB_v_TTNT/github/Mobile_robot_lane_following/workspace/install/type_msg/local/lib/python3.10/dist-packages/type_msg/msg
[0.335s] -- Up-to-date: /home/nguyendat/Desktop/DA_RB_v_TTNT/github/Mobile_robot_lane_following/workspace/install/type_msg/local/lib/python3.10/dist-packages/type_msg/msg/_offset_angle_s.c
[0.335s] -- Up-to-date: /home/nguyendat/Desktop/DA_RB_v_TTNT/github/Mobile_robot_lane_following/workspace/install/type_msg/local/lib/python3.10/dist-packages/type_msg/msg/_signal_control_s.c
[0.335s] -- Up-to-date: /home/nguyendat/Desktop/DA_RB_v_TTNT/github/Mobile_robot_lane_following/workspace/install/type_msg/local/lib/python3.10/dist-packages/type_msg/msg/_offset_angle.py
[0.335s] -- Up-to-date: /home/nguyendat/Desktop/DA_RB_v_TTNT/github/Mobile_robot_lane_following/workspace/install/type_msg/local/lib/python3.10/dist-packages/type_msg/msg/_signal_control.py
[0.335s] -- Up-to-date: /home/nguyendat/Desktop/DA_RB_v_TTNT/github/Mobile_robot_lane_following/workspace/install/type_msg/local/lib/python3.10/dist-packages/type_msg/msg/__init__.py
[0.335s] -- Up-to-date: /home/nguyendat/Desktop/DA_RB_v_TTNT/github/Mobile_robot_lane_following/workspace/install/type_msg/local/lib/python3.10/dist-packages/type_msg/type_msg_s__rosidl_typesupport_fastrtps_c.cpython-310-x86_64-linux-gnu.so
[0.335s] -- Up-to-date: /home/nguyendat/Desktop/DA_RB_v_TTNT/github/Mobile_robot_lane_following/workspace/install/type_msg/local/lib/python3.10/dist-packages/type_msg/type_msg_s__rosidl_typesupport_introspection_c.cpython-310-x86_64-linux-gnu.so
[0.335s] -- Up-to-date: /home/nguyendat/Desktop/DA_RB_v_TTNT/github/Mobile_robot_lane_following/workspace/install/type_msg/local/lib/python3.10/dist-packages/type_msg/__init__.py
[0.335s] -- Up-to-date: /home/nguyendat/Desktop/DA_RB_v_TTNT/github/Mobile_robot_lane_following/workspace/install/type_msg/local/lib/python3.10/dist-packages/type_msg/_type_msg_s.ep.rosidl_typesupport_introspection_c.c
[0.335s] -- Up-to-date: /home/nguyendat/Desktop/DA_RB_v_TTNT/github/Mobile_robot_lane_following/workspace/install/type_msg/local/lib/python3.10/dist-packages/type_msg/_type_msg_s.ep.rosidl_typesupport_c.c
[0.359s] Listing '/home/nguyendat/Desktop/DA_RB_v_TTNT/github/Mobile_robot_lane_following/workspace/install/type_msg/local/lib/python3.10/dist-packages/type_msg'...
[0.359s] Listing '/home/nguyendat/Desktop/DA_RB_v_TTNT/github/Mobile_robot_lane_following/workspace/install/type_msg/local/lib/python3.10/dist-packages/type_msg/msg'...
[0.362s] -- Up-to-date: /home/nguyendat/Desktop/DA_RB_v_TTNT/github/Mobile_robot_lane_following/workspace/install/type_msg/local/lib/python3.10/dist-packages/type_msg/type_msg_s__rosidl_typesupport_fastrtps_c.cpython-310-x86_64-linux-gnu.so
[0.362s] -- Up-to-date: /home/nguyendat/Desktop/DA_RB_v_TTNT/github/Mobile_robot_lane_following/workspace/install/type_msg/local/lib/python3.10/dist-packages/type_msg/type_msg_s__rosidl_typesupport_introspection_c.cpython-310-x86_64-linux-gnu.so
[0.362s] -- Up-to-date: /home/nguyendat/Desktop/DA_RB_v_TTNT/github/Mobile_robot_lane_following/workspace/install/type_msg/local/lib/python3.10/dist-packages/type_msg/type_msg_s__rosidl_typesupport_c.cpython-310-x86_64-linux-gnu.so
[0.363s] -- Up-to-date: /home/nguyendat/Desktop/DA_RB_v_TTNT/github/Mobile_robot_lane_following/workspace/install/type_msg/lib/libtype_msg__rosidl_generator_py.so
[0.363s] -- Up-to-date: /home/nguyendat/Desktop/DA_RB_v_TTNT/github/Mobile_robot_lane_following/workspace/install/type_msg/share/type_msg/msg/OffsetAngle.idl
[0.363s] -- Up-to-date: /home/nguyendat/Desktop/DA_RB_v_TTNT/github/Mobile_robot_lane_following/workspace/install/type_msg/share/type_msg/msg/SignalControl.idl
[0.363s] -- Up-to-date: /home/nguyendat/Desktop/DA_RB_v_TTNT/github/Mobile_robot_lane_following/workspace/install/type_msg/share/type_msg/msg/OffsetAngle.msg
[0.363s] -- Up-to-date: /home/nguyendat/Desktop/DA_RB_v_TTNT/github/Mobile_robot_lane_following/workspace/install/type_msg/share/type_msg/msg/SignalControl.msg
[0.363s] -- Up-to-date: /home/nguyendat/Desktop/DA_RB_v_TTNT/github/Mobile_robot_lane_following/workspace/install/type_msg/share/ament_index/resource_index/package_run_dependencies/type_msg
[0.363s] -- Up-to-date: /home/nguyendat/Desktop/DA_RB_v_TTNT/github/Mobile_robot_lane_following/workspace/install/type_msg/share/ament_index/resource_index/parent_prefix_path/type_msg
[0.363s] -- Up-to-date: /home/nguyendat/Desktop/DA_RB_v_TTNT/github/Mobile_robot_lane_following/workspace/install/type_msg/share/type_msg/environment/ament_prefix_path.sh
[0.363s] -- Up-to-date: /home/nguyendat/Desktop/DA_RB_v_TTNT/github/Mobile_robot_lane_following/workspace/install/type_msg/share/type_msg/environment/ament_prefix_path.dsv
[0.363s] -- Up-to-date: /home/nguyendat/Desktop/DA_RB_v_TTNT/github/Mobile_robot_lane_following/workspace/install/type_msg/share/type_msg/environment/path.sh
[0.363s] -- Up-to-date: /home/nguyendat/Desktop/DA_RB_v_TTNT/github/Mobile_robot_lane_following/workspace/install/type_msg/share/type_msg/environment/path.dsv
[0.363s] -- Up-to-date: /home/nguyendat/Desktop/DA_RB_v_TTNT/github/Mobile_robot_lane_following/workspace/install/type_msg/share/type_msg/local_setup.bash
[0.364s] -- Up-to-date: /home/nguyendat/Desktop/DA_RB_v_TTNT/github/Mobile_robot_lane_following/workspace/install/type_msg/share/type_msg/local_setup.sh
[0.364s] -- Up-to-date: /home/nguyendat/Desktop/DA_RB_v_TTNT/github/Mobile_robot_lane_following/workspace/install/type_msg/share/type_msg/local_setup.zsh
[0.364s] -- Up-to-date: /home/nguyendat/Desktop/DA_RB_v_TTNT/github/Mobile_robot_lane_following/workspace/install/type_msg/share/type_msg/local_setup.dsv
[0.364s] -- Installing: /home/nguyendat/Desktop/DA_RB_v_TTNT/github/Mobile_robot_lane_following/workspace/install/type_msg/share/type_msg/package.dsv
[0.364s] -- Up-to-date: /home/nguyendat/Desktop/DA_RB_v_TTNT/github/Mobile_robot_lane_following/workspace/install/type_msg/share/ament_index/resource_index/packages/type_msg
[0.364s] -- Up-to-date: /home/nguyendat/Desktop/DA_RB_v_TTNT/github/Mobile_robot_lane_following/workspace/install/type_msg/share/type_msg/cmake/export_type_msg__rosidl_generator_cExport.cmake
[0.364s] -- Up-to-date: /home/nguyendat/Desktop/DA_RB_v_TTNT/github/Mobile_robot_lane_following/workspace/install/type_msg/share/type_msg/cmake/export_type_msg__rosidl_generator_cExport-noconfig.cmake
[0.364s] -- Up-to-date: /home/nguyendat/Desktop/DA_RB_v_TTNT/github/Mobile_robot_lane_following/workspace/install/type_msg/share/type_msg/cmake/export_type_msg__rosidl_typesupport_fastrtps_cExport.cmake
[0.364s] -- Up-to-date: /home/nguyendat/Desktop/DA_RB_v_TTNT/github/Mobile_robot_lane_following/workspace/install/type_msg/share/type_msg/cmake/export_type_msg__rosidl_typesupport_fastrtps_cExport-noconfig.cmake
[0.364s] -- Up-to-date: /home/nguyendat/Desktop/DA_RB_v_TTNT/github/Mobile_robot_lane_following/workspace/install/type_msg/share/type_msg/cmake/type_msg__rosidl_typesupport_introspection_cExport.cmake
[0.364s] -- Up-to-date: /home/nguyendat/Desktop/DA_RB_v_TTNT/github/Mobile_robot_lane_following/workspace/install/type_msg/share/type_msg/cmake/type_msg__rosidl_typesupport_introspection_cExport-noconfig.cmake
[0.364s] -- Up-to-date: /home/nguyendat/Desktop/DA_RB_v_TTNT/github/Mobile_robot_lane_following/workspace/install/type_msg/share/type_msg/cmake/type_msg__rosidl_typesupport_cExport.cmake
[0.364s] -- Up-to-date: /home/nguyendat/Desktop/DA_RB_v_TTNT/github/Mobile_robot_lane_following/workspace/install/type_msg/share/type_msg/cmake/type_msg__rosidl_typesupport_cExport-noconfig.cmake
[0.365s] -- Up-to-date: /home/nguyendat/Desktop/DA_RB_v_TTNT/github/Mobile_robot_lane_following/workspace/install/type_msg/share/type_msg/cmake/export_type_msg__rosidl_generator_cppExport.cmake
[0.365s] -- Up-to-date: /home/nguyendat/Desktop/DA_RB_v_TTNT/github/Mobile_robot_lane_following/workspace/install/type_msg/share/type_msg/cmake/export_type_msg__rosidl_typesupport_fastrtps_cppExport.cmake
[0.365s] -- Up-to-date: /home/nguyendat/Desktop/DA_RB_v_TTNT/github/Mobile_robot_lane_following/workspace/install/type_msg/share/type_msg/cmake/export_type_msg__rosidl_typesupport_fastrtps_cppExport-noconfig.cmake
[0.365s] -- Up-to-date: /home/nguyendat/Desktop/DA_RB_v_TTNT/github/Mobile_robot_lane_following/workspace/install/type_msg/share/type_msg/cmake/type_msg__rosidl_typesupport_introspection_cppExport.cmake
[0.365s] -- Up-to-date: /home/nguyendat/Desktop/DA_RB_v_TTNT/github/Mobile_robot_lane_following/workspace/install/type_msg/share/type_msg/cmake/type_msg__rosidl_typesupport_introspection_cppExport-noconfig.cmake
[0.365s] -- Up-to-date: /home/nguyendat/Desktop/DA_RB_v_TTNT/github/Mobile_robot_lane_following/workspace/install/type_msg/share/type_msg/cmake/type_msg__rosidl_typesupport_cppExport.cmake
[0.365s] -- Up-to-date: /home/nguyendat/Desktop/DA_RB_v_TTNT/github/Mobile_robot_lane_following/workspace/install/type_msg/share/type_msg/cmake/type_msg__rosidl_typesupport_cppExport-noconfig.cmake
[0.365s] -- Up-to-date: /home/nguyendat/Desktop/DA_RB_v_TTNT/github/Mobile_robot_lane_following/workspace/install/type_msg/share/type_msg/cmake/export_type_msg__rosidl_generator_pyExport.cmake
[0.365s] -- Up-to-date: /home/nguyendat/Desktop/DA_RB_v_TTNT/github/Mobile_robot_lane_following/workspace/install/type_msg/share/type_msg/cmake/export_type_msg__rosidl_generator_pyExport-noconfig.cmake
[0.365s] -- Up-to-date: /home/nguyendat/Desktop/DA_RB_v_TTNT/github/Mobile_robot_lane_following/workspace/install/type_msg/share/type_msg/cmake/rosidl_cmake-extras.cmake
[0.365s] -- Up-to-date: /home/nguyendat/Desktop/DA_RB_v_TTNT/github/Mobile_robot_lane_following/workspace/install/type_msg/share/type_msg/cmake/ament_cmake_export_include_directories-extras.cmake
[0.365s] -- Up-to-date: /home/nguyendat/Desktop/DA_RB_v_TTNT/github/Mobile_robot_lane_following/workspace/install/type_msg/share/type_msg/cmake/ament_cmake_export_libraries-extras.cmake
[0.365s] -- Up-to-date: /home/nguyendat/Desktop/DA_RB_v_TTNT/github/Mobile_robot_lane_following/workspace/install/type_msg/share/type_msg/cmake/ament_cmake_export_targets-extras.cmake
[0.365s] -- Up-to-date: /home/nguyendat/Desktop/DA_RB_v_TTNT/github/Mobile_robot_lane_following/workspace/install/type_msg/share/type_msg/cmake/rosidl_cmake_export_typesupport_targets-extras.cmake
[0.365s] -- Up-to-date: /home/nguyendat/Desktop/DA_RB_v_TTNT/github/Mobile_robot_lane_following/workspace/install/type_msg/share/type_msg/cmake/ament_cmake_export_dependencies-extras.cmake
[0.365s] -- Up-to-date: /home/nguyendat/Desktop/DA_RB_v_TTNT/github/Mobile_robot_lane_following/workspace/install/type_msg/share/type_msg/cmake/rosidl_cmake_export_typesupport_libraries-extras.cmake
[0.365s] -- Up-to-date: /home/nguyendat/Desktop/DA_RB_v_TTNT/github/Mobile_robot_lane_following/workspace/install/type_msg/share/type_msg/cmake/type_msgConfig.cmake
[0.365s] -- Up-to-date: /home/nguyendat/Desktop/DA_RB_v_TTNT/github/Mobile_robot_lane_following/workspace/install/type_msg/share/type_msg/cmake/type_msgConfig-version.cmake
[0.365s] -- Up-to-date: /home/nguyendat/Desktop/DA_RB_v_TTNT/github/Mobile_robot_lane_following/workspace/install/type_msg/share/type_msg/package.xml
[0.366s] Invoked command in '/home/nguyendat/Desktop/DA_RB_v_TTNT/github/Mobile_robot_lane_following/workspace/build/type_msg' returned '0': CMAKE_PREFIX_PATH=${CMAKE_PREFIX_PATH}:/home/nguyendat/Desktop/DA_RB_v_TTNT/github/Mobile_robot_lane_following/workspace/install/raspberry_brigde:/home/nguyendat/Desktop/DA_RB_v_TTNT/github/Mobile_robot_lane_following/workspace/install/obstacle_detection:/home/nguyendat/Desktop/DA_RB_v_TTNT/github/Mobile_robot_lane_following/workspace/install/lane_following:/opt/ros/humble /usr/bin/cmake --install /home/nguyendat/Desktop/DA_RB_v_TTNT/github/Mobile_robot_lane_following/workspace/build/type_msg
